#
# There is insufficient memory for the Java Runtime Environment to continue.
# Native memory allocation (mmap) failed to map 65536 bytes for Failed to commit metaspace.
# Possible reasons:
#   The system is out of physical RAM or swap space
#   The process is running with CompressedOops enabled, and the Java Heap may be blocking the growth of the native heap
# Possible solutions:
#   Reduce memory load on the system
#   Increase physical memory or swap space
#   Check if swap backing store is full
#   Decrease Java heap size (-Xmx/-Xms)
#
#  Out of Memory Error, pid=33436V  [jvm.dll+0x621d7a]
V  [jvm.dll+0x6245aa]
V  [jvm.dll+0x6226b6]
V  [jvm.dll+0x23d160]
V  [jvm.dll+0x1ec25b]
V  [jvm.dll+0x1e1c01]
V  [jvm.dll+0x5427ce]
V  [jvm.dll+0x1f2647]
V  [jvm.dll+0x7adf9b]
V  [jvm.dll+0x7af36c]
V  [jvm.dll+0x7afbe3]
V  [jvm.dll+0x1ecab4]
V  [jvm.dll+0x1e1c1a]
V  [jvm.dll+0x5427ce]
V  [jvm.dll+0x1f2647]
V  [jvm.dll+0x7adf9b]
V  [jvm.dll+0x7af36c]
V  [jvm.dll+0x7af6b8]
V  [jvm.dll+0x23face]
V  [jvm.dll+0x38260e]
C  0x000001d510ceae05

The last pc belongs to new (printed below).
Java frames: (J=compiled Java code, j=interpreted, Vv=VM code)
j  sun.nio.fs.DefaultFileSystemProvider.<clinit>()V+0 java.base@17.0.10
v  ~StubRoutines::call_stub
j  java.nio.file.FileSystems$DefaultFileSystemHolder.getDefaultProvider()Ljava/nio/file/spi/FileSystemProvider;+0 java.base@17.0.10
j  java.nio.file.FileSystems$DefaultFileSystemHolder$1.run()Ljava/nio/file/spi/FileSystemProvider;+0 java.base@17.0.10
j  java.nio.file.FileSystems$DefaultFileSystemHolder$1.run()Ljava/lang/Object;+1 java.base@17.0.10
j  java.security.AccessController.executePrivileged(Ljava/security/PrivilegedAction;Ljava/security/AccessControlContext;Ljava/lang/Class;)Ljava/lang/Object;+29 java.base@17.0.10
j  java.security.AccessController.doPrivileged(Ljava/security/PrivilegedAction;)Ljava/lang/Object;+5 java.base@17.0.10
j  java.nio.file.FileSystems$DefaultFileSystemHolder.defaultFileSystem()Ljava/nio/file/FileSystem;+7 java.base@17.0.10
j  java.nio.file.FileSystems$DefaultFileSystemHolder.<clinit>()V+0 java.base@17.0.10
v  ~StubRoutines::call_stub
j  java.nio.file.FileSystems.getDefault()Ljava/nio/file/FileSystem;+6 java.base@17.0.10
j  java.io.File.toPath()Ljava/nio/file/Path;+22 java.base@17.0.10
j  java.util.zip.ZipFile$Source.get(Ljava/io/File;ZLjava/util/zip/ZipCoder;)Ljava/util/zip/ZipFile$Source;+6 java.base@17.0.10
j  java.util.zip.ZipFile$CleanableResource.<init>(Ljava/util/zip/ZipFile;Ljava/util/zip/ZipCoder;Ljava/io/File;I)V+56 java.base@17.0.10
j  java.util.zip.ZipFile.<init>(Ljava/io/File;ILjava/nio/charset/Charset;)V+123 java.base@17.0.10
j  java.util.zip.ZipFile.<init>(Ljava/io/File;I)V+6 java.base@17.0.10
j  java.util.jar.JarFile.<init>(Ljava/io/File;ZILjava/lang/Runtime$Version;)V+3 java.base@17.0.10
j  jdk.internal.loader.URLClassPath$JarLoader.getJarFile(Ljava/net/URL;)Ljava/util/jar/JarFile;+56 java.base@17.0.10
j  jdk.internal.loader.URLClassPath$JarLoader$1.run()Ljava/lang/Void;+55 java.base@17.0.10
j  jdk.internal.loader.URLClassPath$JarLoader$1.run()Ljava/lang/Object;+1 java.base@17.0.10
j  java.security.AccessController.executePrivileged(Ljava/security/PrivilegedExceptionAction;Ljava/security/AccessControlContext;Ljava/lang/Class;)Ljava/lang/Object;+29 java.base@17.0.10
j  java.security.AccessController.doPrivileged(Ljava/security/PrivilegedExceptionAction;Ljava/security/AccessControlContext;)Ljava/lang/Object;+13 java.base@17.0.10
j  jdk.internal.loader.URLClassPath$JarLoader.ensureOpen()V+19 java.base@17.0.10
j  jdk.internal.loader.URLClassPath$JarLoader.<init>(Ljava/net/URL;Ljava/net/URLStreamHandler;Ljava/util/HashMap;Ljava/security/AccessControlContext;)V+63 java.base@17.0.10
j  jdk.internal.loader.URLClassPath$3.run()Ljdk/internal/loader/URLClassPath$Loader;+168 java.base@17.0.10
j  jdk.internal.loader.URLClassPath$3.run()Ljava/lang/Object;+1 java.base@17.0.10
j  java.security.AccessController.executePrivileged(Ljava/security/PrivilegedExceptionAction;Ljava/security/AccessControlContext;Ljava/lang/Class;)Ljava/lang/Object;+29 java.base@17.0.10
j  java.security.AccessController.doPrivileged(Ljava/security/PrivilegedExceptionAction;Ljava/security/AccessControlContext;)Ljava/lang/Object;+13 java.base@17.0.10
j  jdk.internal.loader.URLClassPath.getLoader(Ljava/net/URL;)Ljdk/internal/loader/URLClassPath$Loader;+13 java.base@17.0.10
j  jdk.internal.loader.URLClassPath.getLoader(I)Ljdk/internal/loader/URLClassPath$Loader;+81 java.base@17.0.10
j  jdk.internal.loader.URLClassPath.getResource(Ljava/lang/String;Z)Ljdk/internal/loader/Resource;+42 java.base@17.0.10
j  jdk.internal.loader.BuiltinClassLoader.findClassOnClassPathOrNull(Ljava/lang/String;)Ljava/lang/Class;+26 java.base@17.0.10
j  jdk.internal.loader.BuiltinClassLoader.loadClassOrNull(Ljava/lang/String;Z)Ljava/lang/Class;+111 java.base@17.0.10
j  jdk.internal.loader.BuiltinClassLoader.loadClass(Ljava/lang/String;Z)Ljava/lang/Class;+3 java.base@17.0.10
j  jdk.internal.loader.ClassLoaders$AppClassLoader.loadClass(Ljava/lang/String;Z)Ljava/lang/Class;+36 java.base@17.0.10
j  java.lang.ClassLoader.loadClass(Ljava/lang/String;)Ljava/lang/Class;+3 java.base@17.0.10
j  sun.instrument.InstrumentationImpl.loadClassAndStartAgent(Ljava/lang/String;Ljava/lang/String;Ljava/lang/String;)V+8 java.instrument@17.0.10
j  sun.instrument.InstrumentationImpl.loadClassAndCallPremain(Ljava/lang/String;Ljava/lang/String;)V+6 java.instrument@17.0.10
v  ~StubRoutines::call_stub
new  187 new  [0x000001d510ceac80, 0x000001d510ceaea0]  544 bytes
[MachCode]
  0x000001d510ceac80: 4883 ec08 | c5fa 1104 | 24eb 1f48 | 83ec 10c5 | fb11 0424 | eb14 4883 | ec10 4889 | 0424 48c7 
  0x000001d510ceaca0: 4424 0800 | 0000 00eb | 0150 410f | b755 010f | cac1 ea10 | 488b 4de8 | 488b 4908 | 488b 4908 
  0x000001d510ceacc0: 488b 4108 | 807c 1004 | 070f 85d6 | 0000 0066 | 8b54 d148 | 488b 4928 | 488b 4cd1 | 0851 80b9 
  0x000001d510ceace0: 3301 0000 | 040f 85b9 | 0000 008b | 5108 f7c2 | 0100 0000 | 0f85 aa00 | 0000 498b | 8708 0100 
  0x000001d510cead00: 0048 8d1c | 1049 3b9f | 1801 0000 | 0f87 9200 | 0000 4989 | 9f08 0100 | 00e9 0000 | 0000 4883 
  0x000001d510cead20: ea10 0f84 | 0f00 0000 | 33c9 c1ea | 0348 894c | d008 48ff | ca75 f648 | c700 0100 | 0000 5933 
  0x000001d510cead40: f689 700c | 48c1 e903 | 8948 0849 | ba7a 3571 | c5fb 7f00 | 0041 803a | 000f 8440 | 0000 0050 
  0x000001d510cead60: 488b c848 | 83ec 20f7 | c40f 0000 | 000f 841a | 0000 0048 | 83ec 0849 | ba20 3027 | c5fb 7f00 
  0x000001d510cead80: 0041 ffd2 | 4883 c408 | e90d 0000 | 0049 ba20 | 3027 c5fb | 7f00 0041 | ffd2 4883 | c420 58e9 
  0x000001d510ceada0: cd00 0000 | 5948 8b55 | e848 8b52 | 0848 8b52 | 0845 0fb7 | 4501 410f | c841 c1e8 | 10e8 0500 
  0x000001d510ceadc0: 0000 e9aa | 0000 0048 | 8d44 2408 | 4c89 6dc0 | 498b cfc5 | f877 4989 | afa8 0200 | 0049 8987 
  0x000001d510ceade0: 9802 0000 | 4883 ec20 | f7c4 0f00 | 0000 0f84 | 1a00 0000 | 4883 ec08 | 49ba c025 | f1c4 fb7f 
  0x000001d510ceae00: 0000 41ff | d248 83c4 | 08e9 0d00 | 0000 49ba | c025 f1c4 | fb7f 0000 | 41ff d248 | 83c4 2049 
  0x000001d510ceae20: c787 9802 | 0000 0000 | 0000 49c7 | 87a8 0200 | 0000 0000 | 0049 c787 | a002 0000 | 0000 0000 
  0x000001d510ceae40: c5f8 7749 | 817f 0800 | 0000 000f | 8405 0000 | 00e9 aa60 | feff 498b | 87f0 0200 | 0049 c787 
  0x000001d510ceae60: f002 0000 | 0000 0000 | 4c8b 6dc0 | 4c8b 75c8 | c341 0fb6 | 5d03 4983 | c503 49ba | 90a1 73c5 
  0x000001d510ceae80: fb7f 0000 | 41ff 24da | 0000 0000 | 0000 0000 | 0000 0000 | 0000 0000 | 0000 0000 | 0000 0000 
[/MachCode]

---------------  P R O C E S S  ---------------

Threads class SMR info:
_java_thread_list=0x000001d51fd67e20, length=11, elements={
0x000001d506b0c9c0, 0x000001d51a994010, 0x000001d506bbaad0, 0x000001d51a99ce80,
0x000001d51a99e760, 0x000001d51fb5a710, 0x000001d51fb5f7f0, 0x000001d51fb64280,
0x000001d51fb66640, 0x000001d51fb70290, 0x000001d51fc89010
}

Java Threads: ( => current thread )
=>0x000001d506b0c9c0 JavaThread "main" [_thread_in_vm, id=33372, stack(0x0000000a39200000,0x0000000a39300000)]
  0x000001d51a994010 JavaThread "Reference Handler" daemon [_thread_blocked, id=27732, stack(0x0000000a39500000,0x0000000a39600000)]
  0x000001d506bbaad0 JavaThread "Finalizer" daemon [_thread_blocked, id=3152, stack(0x0000000a39600000,0x0000000a39700000)]
  0x000001d51a99ce80 JavaThread "Signal Dispatcher" daemon [_thread_blocked, id=33552, stack(0x0000000a39700000,0x0000000a39800000)]
  0x000001d51a99e760 JavaThread "Attach Listener" daemon [_thread_blocked, id=22996, stack(0x0000000a39800000,0x0000000a39900000)]
  0x000001d51fb5a710 JavaThread "Service Thread" daemon [_thread_blocked, id=12352, stack(0x0000000a39900000,0x0000000a39a00000)]
  0x000001d51fb5f7f0 JavaThread "Monitor Deflation Thread" daemon [_thread_blocked, id=32988, stack(0x0000000a39a00000,0x0000000a39b00000)]
  0x000001d51fb64280 JavaThread "C2 CompilerThread0" daemon [_thread_blocked, id=31776, stack(0x0000000a39b00000,0x0000000a39c00000)]
  0x000001d51fb66640 JavaThread "C1 CompilerThread0" daemon [_thread_blocked, id=5340, stack(0x0000000a39c00000,0x0000000a39d00000)]
  0x000001d51fb70290 JavaThread "Sweeper thread" daemon [_thread_blocked, id=30248, stack(0x0000000a39d00000,0x0000000a39e00000)]
  0x000001d51fc89010 JavaThread "Common-Cleaner" daemon [_thread_blocked, id=33256, stack(0x0000000a39e00000,0x0000000a39f00000)]

Other Threads:
  0x000001d51a982740 VMThread "VM Thread" [stack: 0x0000000a39400000,0x0000000a39500000] [id=34920]
  0x000001d506b21b80 GCTaskThread "GC Thread#0" [stack: 0x0000000a39300000,0x0000000a39400000] [id=35784]

Threads with active compile tasks:

VM state: not at safepoint (normal execution)

VM Mutex/Monitor currently owned by a thread:  ([mutex/lock_event])
[0x000001d506b09a10] Metaspace_lock - owner thread: 0x000001d506b0c9c0

Heap address: 0x00000000c0000000, size: 1024 MB, Compressed Oops mode: 32-bit

CDS archive(s) not mapped
Compressed class space mapped at: 0x0000000100000000-0x0000000140000000, reserved size: 1073741824
Narrow klass base: 0x0000000000000000, Narrow klass shift: 3, Narrow klass range: 0x140000000

GC Precious Log:
 CPUs: 12 total, 12 available
 Memory: 15712M
 Large Page Support: Disabled
 NUMA Support: Disabled
 Compressed Oops: Enabled (32-bit)
 Alignments: Space 512K, Generation 512K, Heap 2M
 Heap Min Capacity: 100M
 Heap Initial Capacity: 100M
 Heap Max Capacity: 1G
 Pre-touch: Disabled
 Parallel Workers: 10

Heap:
 PSYoungGen      total 29696K, used 2560K [0x00000000eab00000, 0x00000000ecc00000, 0x0000000100000000)
  eden space 25600K, 10% used [0x00000000eab00000,0x00000000ead801e0,0x00000000ec400000)
  from space 4096K, 0% used [0x00000000ec800000,0x00000000ec800000,0x00000000ecc00000)
  to   space 4096K, 0% used [0x00000000ec400000,0x00000000ec400000,0x00000000ec800000)
 ParOldGen       total 68608K, used 0K [0x00000000c0000000, 0x00000000c4300000, 0x00000000eab00000)
  object space 68608K, 0% used [0x00000000c0000000,0x00000000c0000000,0x00000000c4300000)
 Metaspace       used 4727K, committed 4864K, reserved 1114112K
  class space    used 437K, committed 512K, reserved 1048576K

Card table byte_map: [0x000001d5064b0000,0x000001d5066c0000] _byte_map_base: 0x000001d505eb0000

Marking Bits: (ParMarkBitMap*) 0x00007ffbc572d7d0
 Begin Bits: [0x000001d5187a0000, 0x000001d5197a0000)
 End Bits:   [0x000001d5197a0000, 0x000001d51a7a0000)

Polling page: 0x000001d504a80000

Metaspace:

Usage:
  Non-class:      4.19 MB used.
      Class:    437.68 KB used.
       Both:      4.62 MB used.

Virtual space:
  Non-class space:       64.00 MB reserved,       4.25 MB (  7%) committed,  1 nodes.
      Class space:        1.00 GB reserved,     512.00 KB ( <1%) committed,  1 nodes.
             Both:        1.06 GB reserved,       4.75 MB ( <1%) committed. 

Chunk freelists:
   Non-Class:  11.00 MB
       Class:  15.56 MB
        Both:  26.56 MB

MaxMetaspaceSize: unlimited
CompressedClassSpaceSize: 1.00 GB
Initial GC threshold: 21.00 MB
Current GC threshold: 21.00 MB
CDS: off
MetaspaceReclaimPolicy: balanced
 - commit_granule_bytes: 65536.
 - commit_granule_words: 8192.
 - virtual_space_node_default_size: 8388608.
 - enlarge_chunks_in_place: 1.
 - new_chunks_are_fully_committed: 0.
 - uncommit_free_chunks: 1.
 - use_allocation_guard: 0.
 - handle_deallocations: 1.


Internal statistics:

num_allocs_failed_limit: 0.
num_arena_births: 6.
num_arena_deaths: 0.
num_vsnodes_births: 2.
num_vsnodes_deaths: 0.
num_space_committed: 76.
num_space_uncommitted: 0.
num_chunks_returned_to_freelist: 0.
num_chunks_taken_from_freelist: 10.
num_chunk_merges: 0.
num_chunk_splits: 5.
num_chunks_enlarged: 2.
num_inconsistent_stats: 0.

CodeHeap 'non-profiled nmethods': size=120000Kb used=56Kb max_used=56Kb free=119943Kb
 bounds [0x000001d511270000, 0x000001d5114e0000, 0x000001d5187a0000]
CodeHeap 'profiled nmethods': size=120000Kb used=205Kb max_used=205Kb free=119794Kb
 bounds [0x000001d5097a0000, 0x000001d509a10000, 0x000001d510cd0000]
CodeHeap 'non-nmethods': size=5760Kb used=1070Kb max_used=1082Kb free=4689Kb
 bounds [0x000001d510cd0000, 0x000001d510f40000, 0x000001d511270000]
 total_blobs=525 nmethods=184 adapters=256
 compilation: enabled
              stopped_count=0, restarted_count=0
 full_count=0

Compilation events (20 events):
Event: 8.219 Thread 0x000001d51fb66640  177       3       java.lang.String::substring (58 bytes)
Event: 8.220 Thread 0x000001d51fb66640 nmethod 177 0x000001d5097cf510 code [0x000001d5097cf700, 0x000001d5097cfba8]
Event: 8.220 Thread 0x000001d51fb66640  178       3       java.lang.String::checkBoundsBeginEnd (63 bytes)
Event: 8.220 Thread 0x000001d51fb66640 nmethod 178 0x000001d5097cfd90 code [0x000001d5097d0020, 0x000001d5097d08f8]
Event: 8.230 Thread 0x000001d51fb66640  179       3       java.lang.AbstractStringBuilder::putStringAt (12 bytes)
Event: 8.231 Thread 0x000001d51fb66640 nmethod 179 0x000001d5097d0c90 code [0x000001d5097d0e40, 0x000001d5097d1088]
Event: 8.231 Thread 0x000001d51fb66640  180       3       java.lang.AbstractStringBuilder::putStringAt (34 bytes)
Event: 8.231 Thread 0x000001d51fb64280  183       4       java.lang.String::charAt (25 bytes)
Event: 8.231 Thread 0x000001d51fb66640 nmethod 180 0x000001d5097d1210 code [0x000001d5097d13e0, 0x000001d5097d16f8]
Event: 8.231 Thread 0x000001d51fb66640  181       3       java.lang.AbstractStringBuilder::getCoder (15 bytes)
Event: 8.231 Thread 0x000001d51fb66640 nmethod 181 0x000001d5097d1890 code [0x000001d5097d1a20, 0x000001d5097d1b58]
Event: 8.231 Thread 0x000001d51fb66640  182       3       java.lang.String::getBytes (46 bytes)
Event: 8.231 Thread 0x000001d51fb66640 nmethod 182 0x000001d5097d1c10 code [0x000001d5097d1de0, 0x000001d5097d20f8]
Event: 8.231 Thread 0x000001d51fb66640  184       3       java.lang.StringBuilder::append (8 bytes)
Event: 8.232 Thread 0x000001d51fb66640 nmethod 184 0x000001d5097d2210 code [0x000001d5097d23a0, 0x000001d5097d24e8]
Event: 8.232 Thread 0x000001d51fb66640  185       3       java.lang.AbstractStringBuilder::append (77 bytes)
Event: 8.232 Thread 0x000001d51fb64280 nmethod 183 0x000001d51127df90 code [0x000001d51127e100, 0x000001d51127e1d8]
Event: 9.250 Thread 0x000001d51fb66640 nmethod 185 0x000001d5097d2590 code [0x000001d5097d27a0, 0x000001d5097d2e28]
Event: 9.250 Thread 0x000001d51fb66640  186       3       java.io.WinNTFileSystem::isSlash (18 bytes)
Event: 9.250 Thread 0x000001d51fb66640 nmethod 186 0x000001d5097d3090 code [0x000001d5097d3220, 0x000001d5097d33b8]

GC Heap History (0 events):
No events

Dll operation events (3 events):
Event: 0.022 Loaded shared library c:\Users\hp\.vscode\extensions\redhat.java-1.29.0-win32-x64\jre\17.0.10-win32-x86_64\bin\java.dll
Event: 8.220 Loaded shared library c:\Users\hp\.vscode\extensions\redhat.java-1.29.0-win32-x64\jre\17.0.10-win32-x86_64\bin\zip.dll
Event: 8.226 Loaded shared library C:\Users\hp\.vscode\extensions\redhat.java-1.29.0-win32-x64\jre\17.0.10-win32-x86_64\bin\instrument.dll

Deoptimization events (0 events):
No events

Classes unloaded (0 events):
No events

Classes redefined (0 events):
No events

Internal exceptions (1 events):
Event: 4.191 Thread 0x000001d506b0c9c0 Exception <a 'java/lang/NoSuchMethodError'{0x00000000eacb4e50}: 'void java.lang.invoke.DirectMethodHandle$Holder.invokeStatic(java.lang.Object, java.lang.Object, java.lang.Object)'> (0x00000000eacb4e50) 
thrown [s\src\hotspot\share\interpreter\linkResolver.cpp, line 759]

VM Operations (14 events):
Event: 3.081 Executing VM operation: Cleanup
Event: 3.145 Executing VM operation: Cleanup done
Event: 4.197 Executing VM operation: HandshakeAllThreads
Event: 4.197 Executing VM operation: HandshakeAllThreads done
Event: 4.197 Executing VM operation: Cleanup
Event: 4.197 Executing VM operation: Cleanup done
Event: 5.206 Executing VM operation: Cleanup
Event: 5.207 Executing VM operation: Cleanup done
Event: 7.208 Executing VM operation: Cleanup
Event: 7.209 Executing VM operation: Cleanup done
Event: 8.213 Executing VM operation: Cleanup
Event: 8.214 Executing VM operation: Cleanup done
Event: 9.218 Executing VM operation: Cleanup
Event: 9.249 Executing VM operation: Cleanup done

Events (20 events):
Event: 9.250 loading class java/util/zip/ZipFile$CleanableResource
Event: 9.250 loading class java/util/zip/ZipFile$CleanableResource done
Event: 9.250 loading class java/util/zip/ZipCoder
Event: 9.250 loading class java/util/zip/ZipCoder done
Event: 9.250 loading class java/util/zip/ZipCoder$UTF8ZipCoder
Event: 9.250 loading class java/util/zip/ZipCoder$UTF8ZipCoder done
Event: 9.250 loading class java/util/zip/ZipFile$Source
Event: 9.251 loading class java/util/zip/ZipFile$Source done
Event: 9.251 loading class java/util/zip/ZipFile$Source$Key
Event: 9.251 loading class java/util/zip/ZipFile$Source$Key done
Event: 9.251 loading class java/nio/file/FileSystems
Event: 9.251 loading class java/nio/file/FileSystems done
Event: 9.251 loading class java/nio/file/FileSystems$DefaultFileSystemHolder
Event: 9.251 loading class java/nio/file/FileSystems$DefaultFileSystemHolder done
Event: 9.251 loading class java/nio/file/FileSystems$DefaultFileSystemHolder$1
Event: 9.251 loading class java/nio/file/FileSystems$DefaultFileSystemHolder$1 done
Event: 9.251 loading class sun/nio/fs/DefaultFileSystemProvider
Event: 9.251 loading class sun/nio/fs/DefaultFileSystemProvider done
Event: 9.251 loading class sun/nio/fs/WindowsFileSystemProvider
Event: 9.251 loading class sun/nio/fs/AbstractFileSystemProvider


Dynamic libraries:
0x00007ff794a00000 - 0x00007ff794a0e000 	c:\Users\hp\.vscode\extensions\redhat.java-1.29.0-win32-x64\jre\17.0.10-win32-x86_64\bin\java.exe
0x00007ffc12bb0000 - 0x00007ffc12e04000 	C:\WINDOWS\SYSTEM32\ntdll.dll
0x00007ffc10fb0000 - 0x00007ffc11077000 	C:\WINDOWS\System32\KERNEL32.DLL
0x00007ffc10580000 - 0x00007ffc10920000 	C:\WINDOWS\System32\KERNELBASE.dll
0x00007ffc10380000 - 0x00007ffc104ca000 	C:\WINDOWS\System32\ucrtbase.dll
0x00007ffc04ff0000 - 0x00007ffc0500b000 	c:\Users\hp\.vscode\extensions\redhat.java-1.29.0-win32-x64\jre\17.0.10-win32-x86_64\bin\VCRUNTIME140.dll
0x00007ffc021f0000 - 0x00007ffc02207000 	c:\Users\hp\.vscode\extensions\redhat.java-1.29.0-win32-x64\jre\17.0.10-win32-x86_64\bin\jli.dll
0x00007ffc11e30000 - 0x00007ffc11fef000 	C:\WINDOWS\System32\USER32.dll
0x00007ffbf5f60000 - 0x00007ffbf61f0000 	C:\WINDOWS\WinSxS\amd64_microsoft.windows.common-controls_6595b64144ccf1df_6.0.26085.1_none_fa4bc89212a99518\COMCTL32.dll
0x00007ffc102b0000 - 0x00007ffc102d7000 	C:\WINDOWS\System32\win32u.dll
0x00007ffc12640000 - 0x00007ffc126e9000 	C:\WINDOWS\System32\msvcrt.dll
0x00007ffc111c0000 - 0x00007ffc111ea000 	C:\WINDOWS\System32\GDI32.dll
0x00007ffc10180000 - 0x00007ffc102a1000 	C:\WINDOWS\System32\gdi32full.dll
0x00007ffc104d0000 - 0x00007ffc10573000 	C:\WINDOWS\System32\msvcp_win.dll
0x00007ffc12920000 - 0x00007ffc1294f000 	C:\WINDOWS\System32\IMM32.DLL
0x00007ffc06670000 - 0x00007ffc0667c000 	c:\Users\hp\.vscode\extensions\redhat.java-1.29.0-win32-x64\jre\17.0.10-win32-x86_64\bin\vcruntime140_1.dll
0x00007ffbcb080000 - 0x00007ffbcb10d000 	c:\Users\hp\.vscode\extensions\redhat.java-1.29.0-win32-x64\jre\17.0.10-win32-x86_64\bin\msvcp140.dll
0x00007ffbc4b90000 - 0x00007ffbc57f2000 	c:\Users\hp\.vscode\extensions\redhat.java-1.29.0-win32-x64\jre\17.0.10-win32-x86_64\bin\server\jvm.dll
0x00007ffc124a0000 - 0x00007ffc12552000 	C:\WINDOWS\System32\ADVAPI32.dll
0x00007ffc12a40000 - 0x00007ffc12ae6000 	C:\WINDOWS\System32\sechost.dll
0x00007ffc11c90000 - 0x00007ffc11da9000 	C:\WINDOWS\System32\RPCRT4.dll
0x00007ffc0ed30000 - 0x00007ffc0ed7e000 	C:\WINDOWS\SYSTEM32\POWRPROF.dll
0x00007ffbe45d0000 - 0x00007ffbe45da000 	C:\WINDOWS\SYSTEM32\WSOCK32.dll
0x00007ffc09130000 - 0x00007ffc0913b000 	C:\WINDOWS\SYSTEM32\VERSION.dll
0x00007ffc090f0000 - 0x00007ffc09126000 	C:\WINDOWS\SYSTEM32\WINMM.dll
0x00007ffc12960000 - 0x00007ffc129d4000 	C:\WINDOWS\System32\WS2_32.dll
0x00007ffc0ed10000 - 0x00007ffc0ed24000 	C:\WINDOWS\SYSTEM32\UMPDC.dll
0x00007ffc0eff0000 - 0x00007ffc0f00a000 	C:\WINDOWS\SYSTEM32\kernel.appcore.dll
0x00007ffc04cb0000 - 0x00007ffc04cba000 	c:\Users\hp\.vscode\extensions\redhat.java-1.29.0-win32-x64\jre\17.0.10-win32-x86_64\bin\jimage.dll
0x00007ffc0db10000 - 0x00007ffc0dd51000 	C:\WINDOWS\SYSTEM32\DBGHELP.DLL
0x00007ffc10c30000 - 0x00007ffc10fa5000 	C:\WINDOWS\System32\combase.dll
0x00007ffc12560000 - 0x00007ffc12636000 	C:\WINDOWS\System32\OLEAUT32.dll
0x00007ffbf0b40000 - 0x00007ffbf0b79000 	C:\WINDOWS\SYSTEM32\dbgcore.DLL
0x00007ffc102e0000 - 0x00007ffc10379000 	C:\WINDOWS\System32\bcryptPrimitives.dll
0x00007ffc01fa0000 - 0x00007ffc01fae000 	c:\Users\hp\.vscode\extensions\redhat.java-1.29.0-win32-x64\jre\17.0.10-win32-x86_64\bin\instrument.dll
0x00007ffbe3e50000 - 0x00007ffbe3e75000 	c:\Users\hp\.vscode\extensions\redhat.java-1.29.0-win32-x64\jre\17.0.10-win32-x86_64\bin\java.dll
0x00007ffc00420000 - 0x00007ffc00438000 	c:\Users\hp\.vscode\extensions\redhat.java-1.29.0-win32-x64\jre\17.0.10-win32-x86_64\bin\zip.dll
0x00007ffc111f0000 - 0x00007ffc118d6000 	C:\WINDOWS\System32\SHELL32.dll
0x00007ffc0ddd0000 - 0x00007ffc0e5fb000 	C:\WINDOWS\SYSTEM32\windows.storage.dll
0x00007ffc118e0000 - 0x00007ffc119b3000 	C:\WINDOWS\System32\SHCORE.dll
0x00007ffc126f0000 - 0x00007ffc1274d000 	C:\WINDOWS\System32\shlwapi.dll
0x00007ffc0ff20000 - 0x00007ffc0ff44000 	C:\WINDOWS\SYSTEM32\profapi.dll

dbghelp: loaded successfully - version: 4.0.5 - missing functions: none
symbol engine: initialized successfully - sym options: 0x614 - pdb path: .;c:\Users\hp\.vscode\extensions\redhat.java-1.29.0-win32-x64\jre\17.0.10-win32-x86_64\bin;C:\WINDOWS\SYSTEM32;C:\WINDOWS\WinSxS\amd64_microsoft.windows.common-controls_6595b64144ccf1df_6.0.26085.1_none_fa4bc89212a99518;c:\Users\hp\.vscode\extensions\redhat.java-1.29.0-win32-x64\jre\17.0.10-win32-x86_64\bin\server

VM Arguments:
jvm_args: --add-modules=ALL-SYSTEM --add-opens=java.base/java.util=ALL-UNNAMED --add-opens=java.base/java.lang=ALL-UNNAMED --add-opens=java.base/sun.nio.fs=ALL-UNNAMED -Declipse.application=org.eclipse.jdt.ls.core.id1 -Dosgi.bundles.defaultStartLevel=4 -Declipse.product=org.eclipse.jdt.ls.core.product -Djava.import.generatesMetadataFilesAtProjectRoot=false -DDetectVMInstallationsJob.disabled=true -Dfile.encoding=utf8 -XX:+UseParallelGC -XX:GCTimeRatio=4 -XX:AdaptiveSizePolicyWeight=90 -Dsun.zip.disableMemoryMapping=true -Xmx1G -Xms100m -Xlog:disable -javaagent:c:\Users\hp\.vscode\extensions\redhat.java-1.29.0-win32-x64\lombok\lombok-1.18.32.jar -XX:+HeapDumpOnOutOfMemoryError -XX:HeapDumpPath=c:\Users\hp\AppData\Roaming\Code\User\workspaceStorage\edcfe10512dfc4d20165833cec2324a7\redhat.java -Daether.dependencyCollector.impl=bf 
java_command: c:\Users\hp\.vscode\extensions\redhat.java-1.29.0-win32-x64\server\plugins\org.eclipse.equinox.launcher_1.6.800.v20240304-1850.jar -configuration c:\Users\hp\AppData\Roaming\Code\User\globalStorage\redhat.java\1.29.0\config_win -data c:\Users\hp\AppData\Roaming\Code\User\workspaceStorage\edcfe10512dfc4d20165833cec2324a7\redhat.java\jdt_ws --stdio
java_class_path (initial): c:\Users\hp\.vscode\extensions\redhat.java-1.29.0-win32-x64\server\plugins\org.eclipse.equinox.launcher_1.6.800.v20240304-1850.jar
Launcher Type: SUN_STANDARD

[Global flags]
    uintx AdaptiveSizePolicyWeight                 = 90                                        {product} {command line}
     intx CICompilerCount                          = 4                                         {product} {ergonomic}
    uintx GCTimeRatio                              = 4                                         {product} {command line}
     bool HeapDumpOnOutOfMemoryError               = true                                   {manageable} {command line}
    ccstr HeapDumpPath                             = c:\Users\hp\AppData\Roaming\Code\User\workspaceStorage\edcfe10512dfc4d20165833cec2324a7\redhat.java         {manageable} {command line}
   size_t InitialHeapSize                          = 104857600                                 {product} {command line}
   size_t MaxHeapSize                              = 1073741824                                {product} {command line}
   size_t MaxNewSize                               = 357564416                                 {product} {ergonomic}
   size_t MinHeapDeltaBytes                        = 524288                                    {product} {ergonomic}
   size_t MinHeapSize                              = 104857600                                 {product} {command line}
   size_t NewSize                                  = 34603008                                  {product} {ergonomic}
    uintx NonNMethodCodeHeapSize                   = 5839372                                {pd product} {ergonomic}
    uintx NonProfiledCodeHeapSize                  = 122909434                              {pd product} {ergonomic}
   size_t OldSize                                  = 70254592                                  {product} {ergonomic}
    uintx ProfiledCodeHeapSize                     = 122909434                              {pd product} {ergonomic}
    uintx ReservedCodeCacheSize                    = 251658240                              {pd product} {ergonomic}
     bool SegmentedCodeCache                       = true                                      {product} {ergonomic}
   size_t SoftMaxHeapSize                          = 1073741824                             {manageable} {ergonomic}
     bool UseCompressedClassPointers               = true                           {product lp64_product} {ergonomic}
     bool UseCompressedOops                        = true                           {product lp64_product} {ergonomic}
     bool UseLargePagesIndividualAllocation        = false                                  {pd product} {ergonomic}
     bool UseParallelGC                            = true                                      {product} {command line}

Logging:
Log output configuration:
 #0: stdout all=off uptime,level,tags
 #1: stderr all=off uptime,level,tags

Environment Variables:
JAVA_HOME=C:\Program Files\Java\jdk-21
PATH=C:\Program Files\Common Files\Oracle\Java\javapath;C:\WINDOWS\system32;C:\WINDOWS;C:\WINDOWS\System32\Wbem;C:\WINDOWS\System32\WindowsPowerShell\v1.0\;C:\WINDOWS\System32\OpenSSH\;C:\MinGW\bin;C:\Program Files\nodejs\;C:\Program Files\Git\cmd;C:\Program Files\MySQL\MySQL Shell 8.0\bin\;C:\Users\hp\AppData\Local\Programs\Python\Python312\Scripts\;C:\Users\hp\AppData\Local\Programs\Python\Python312\;C:\Users\hp\AppData\Local\Programs\Python\Launcher\;C:\Users\hp\AppData\Local\Microsoft\WindowsApps;C:\Users\hp\AppData\Local\Programs\Microsoft VS Code\bin;C:\Users\hp\AppData\Roaming\npm;
USERNAME=hp
OS=Windows_NT
PROCESSOR_IDENTIFIER=AMD64 Family 25 Model 80 Stepping 0, AuthenticAMD
TMP=C:\Users\hp\AppData\Local\Temp
TEMP=C:\Users\hp\AppData\Local\Temp



Periodic native trim disabled


---------------  S Y S T E M  ---------------

OS:
 Windows 11 , 64 bit Build 26085 (10.0.26085.1)
OS uptime: 0 days 15:32 hours
Hyper-V role detected

CPU: total 12 (initial active 12) (12 cores per cpu, 2 threads per core) family 25 model 80 stepping 0 microcode 0xa50000f, cx8, cmov, fxsr, ht, mmx, 3dnowpref, sse, sse2, sse3, ssse3, sse4a, sse4.1, sse4.2, popcnt, lzcnt, tsc, tscinvbit, avx, avx2, aes, erms, clmul, bmi1, bmi2, adx, sha, fma, vzeroupper, clflush, clflushopt, hv
Processor Information for all 12 processors :
  Max Mhz: 2301, Current Mhz: 2010, Mhz Limit: 2301

Memory: 4k page, system-wide physical 15712M (4915M free)
TotalPageFile size 44167M (AvailPageFile size 0M)
current process WorkingSet (physical memory assigned to process): 33M, peak: 33M
current process commit charge ("private bytes"): 190M, peak: 190M

vm_info: OpenJDK 64-Bit Server VM (17.0.10+7) for windows-amd64 JRE (17.0.10+7), built on Jan 16 2024 23:25:11 by "admin" with MS VC++ 16.10 / 16.11 (VS2019)

END.
