#
# There is insufficient memory for the Java Runtime Environment to continue.
# Native memory allocation (malloc) failed to allocate 32744 bytes for ChunkPool::allocate
# Possible reasons:
#   The system is out of physical RAM or swap space
#   The process is running with CompressedOops enabled, and the Java Heap may be blocking the growth of the native heap
# Possible solutions:
#   Reduce memory load on the system
#   Increase physical memory or swap space
#   Check if swap backing store is full
#   Decrease Java heap size (-Xmx/-Xms)
#   Decrease number of Java threads
#   Decrease Java thread stack sizes (-Xss)
#   Set larger code cache with -XX:ReservedCodeCacheSize=
#   JVM is running with Unscaled Compressed Oops mode in which the Java heap is
#     placed in the first 4GB address space. The Java Heap base address is the
#     maximum limit for the native heap growth. Please use -XX:HeapBaseMinAddress
#     to set the Java Heap base and to place the Java Heap above 4GB virtual address.
# This output file may be truncated or incomplete.
#
#  Out of Memory Error (arena.cpp:79), pid=3292, tid=14160
#
# JRE version: OpenJDK Runtime Environment Temurin-17.0.10+7 (17.0.10+7) (build 17.0.10+7)
# Java VM: OpenJDK 64-Bit Server VM Temurin-17.0.10+7 (17.0.10+7, mixed mode, tiered, compressed oops, compressed class ptrs, parallel gc, windows-amd64)
# No core dump will be written. Minidumps are not enabled by default on client versions of Windows
#

---------------  S U M M A R Y ------------

Command Line: --add-modules=ALL-SYSTEM --add-opens=java.base/java.util=ALL-UNNAMED --add-opens=java.base/java.lang=ALL-UNNAMED --add-opens=java.base/sun.nio.fs=ALL-UNNAMED -Declipse.application=org.eclipse.jdt.ls.core.id1 -Dosgi.bundles.defaultStartLevel=4 -Declipse.product=org.eclipse.jdt.ls.core.product -Djava.import.generatesMetadataFilesAtProjectRoot=false -DDetectVMInstallationsJob.disabled=true -Dfile.encoding=utf8 -XX:+UseParallelGC -XX:GCTimeRatio=4 -XX:AdaptiveSizePolicyWeight=90 -Dsun.zip.disableMemoryMapping=true -Xmx1G -Xms100m -Xlog:disable -javaagent:c:\Users\hp\.vscode\extensions\redhat.java-1.29.0-win32-x64\lombok\lombok-1.18.32.jar c:\Users\hp\.vscode\extensions\redhat.java-1.29.0-win32-x64\server\plugins\org.eclipse.equinox.launcher_1.6.800.v20240304-1850.jar -configuration c:\Users\hp\AppData\Roaming\Code\User\globalStorage\redhat.java\1.29.0\config_ss_win -data c:\Users\hp\AppData\Roaming\Code\User\workspaceStorage\edcfe10512dfc4d20165833cec2324a7\redhat.java\ss_ws --stdio

Host: AMD Ryzen 5 5625U with Radeon Graphics         , 12 cores, 15G,  Windows 11 , 64 bit Build 26085 (10.0.26085.1)
Time: Sat Apr  6 02:19:16 2024 India Standard Time elapsed time: 9.330102 seconds (0d 0h 0m 9s)

---------------  T H R E A D  ---------------

Current thread (0x0000023d7440ca50):  JavaThread "C2 CompilerThread0" daemon [_thread_in_native, id=14160, stack(0x0000004f22200000,0x0000004f22300000)]


Current CompileTask:
C2:   9330 1874       4       java.util.concurrent.ConcurrentHashMap::addCount (279 bytes)

Stack: [0x0000004f22200000,0x0000004f22300000]
Native frames: (J=compiled Java code, j=interpreted, Vv=VM code, C=native code)
V  [jvm.dll+0x67d2c9]
V  [jvm.dll+0x834afa]
V  [jvm.dll+0x8365be]
V  [jvm.dll+0x836c23]
V  [jvm.dll+0x2477ff]
V  [jvm.dll+0xac711]
V  [jvm.dll+0xacb5c]
V  [jvm.dll+0x6597a3]
V  [jvm.dll+0x342480]
V  [jvm.dll+0x33ff2e]
V  [jvm.dll+0x691d88]
V  [jvm.dll+0x69572e]
V  [jvm.dll+0x68d71b]
V  [jvm.dll+0x68cd57]
V  [jvm.dll+0x68ac42]
V  [jvm.dll+0x1a828c]
V  [jvm.dll+0x218ec8]
V  [jvm.dll+0x1a502d]
V  [jvm.dll+0x2290de]
V  [jvm.dll+0x2272ac]
V  [jvm.dll+0x7e9bb7]
V  [jvm.dll+0x7e3fba]
V  [jvm.dll+0x67c1b5]
C  [ucrtbase.dll+0x43570]
C  [KERNEL32.DLL+0x31fd7]
C  [ntdll.dll+0x6d9c0]


---------------  P R O C E S S  ---------------

Threads class SMR info:
_java_thread_list=0x0000023d76614ec0, length=17, elements={
0x0000023d5accb020, 0x0000023d6f304020, 0x0000023d6f305980, 0x0000023d6f30d4b0,
0x0000023d6f30df80, 0x0000023d6f30e850, 0x0000023d74406af0, 0x0000023d7440ca50,
0x0000023d7440db00, 0x0000023d74416be0, 0x0000023d744060d0, 0x0000023d74409370,
0x0000023d74408950, 0x0000023d74407510, 0x0000023d74408e60, 0x0000023d74405bc0,
0x0000023d75eeb8d0
}

Java Threads: ( => current thread )
  0x0000023d5accb020 JavaThread "main" [_thread_blocked, id=30752, stack(0x0000004f21900000,0x0000004f21a00000)]
  0x0000023d6f304020 JavaThread "Reference Handler" daemon [_thread_blocked, id=13292, stack(0x0000004f21c00000,0x0000004f21d00000)]
  0x0000023d6f305980 JavaThread "Finalizer" daemon [_thread_blocked, id=32772, stack(0x0000004f21d00000,0x0000004f21e00000)]
  0x0000023d6f30d4b0 JavaThread "Signal Dispatcher" daemon [_thread_blocked, id=3208, stack(0x0000004f21e00000,0x0000004f21f00000)]
  0x0000023d6f30df80 JavaThread "Attach Listener" daemon [_thread_blocked, id=35008, stack(0x0000004f21f00000,0x0000004f22000000)]
  0x0000023d6f30e850 JavaThread "Service Thread" daemon [_thread_blocked, id=16948, stack(0x0000004f22000000,0x0000004f22100000)]
  0x0000023d74406af0 JavaThread "Monitor Deflation Thread" daemon [_thread_blocked, id=32044, stack(0x0000004f22100000,0x0000004f22200000)]
=>0x0000023d7440ca50 JavaThread "C2 CompilerThread0" daemon [_thread_in_native, id=14160, stack(0x0000004f22200000,0x0000004f22300000)]
  0x0000023d7440db00 JavaThread "C1 CompilerThread0" daemon [_thread_in_vm, id=25484, stack(0x0000004f22300000,0x0000004f22400000)]
  0x0000023d74416be0 JavaThread "Sweeper thread" daemon [_thread_blocked, id=34872, stack(0x0000004f22400000,0x0000004f22500000)]
  0x0000023d744060d0 JavaThread "Common-Cleaner" daemon [_thread_blocked, id=12868, stack(0x0000004f22500000,0x0000004f22600000)]
  0x0000023d74409370 JavaThread "Notification Thread" daemon [_thread_blocked, id=32604, stack(0x0000004f22700000,0x0000004f22800000)]
  0x0000023d74408950 JavaThread "Active Thread: Equinox Container: 2e516a57-52b2-4d49-850a-24848f6f124e" [_thread_blocked, id=30516, stack(0x0000004f23000000,0x0000004f23100000)]
  0x0000023d74407510 JavaThread "Framework Event Dispatcher: Equinox Container: 2e516a57-52b2-4d49-850a-24848f6f124e" daemon [_thread_in_vm, id=35556, stack(0x0000004f23100000,0x0000004f23200000)]
  0x0000023d74408e60 JavaThread "Start Level: Equinox Container: 2e516a57-52b2-4d49-850a-24848f6f124e" daemon [_thread_blocked, id=33472, stack(0x0000004f23200000,0x0000004f23300000)]
  0x0000023d74405bc0 JavaThread "SCR Component Actor" daemon [_thread_blocked, id=27760, stack(0x0000004f23300000,0x0000004f23400000)]
  0x0000023d75eeb8d0 JavaThread "C2 CompilerThread1" daemon [_thread_blocked, id=26708, stack(0x0000004f22600000,0x0000004f22700000)]

Other Threads:
  0x0000023d743b4870 VMThread "VM Thread" [stack: 0x0000004f21b00000,0x0000004f21c00000] [id=35344]
  0x0000023d747223e0 WatcherThread [stack: 0x0000004f22800000,0x0000004f22900000] [id=34156]
  0x0000023d5ace01e0 GCTaskThread "GC Thread#0" [stack: 0x0000004f21a00000,0x0000004f21b00000] [id=7488]
  0x0000023d764f9180 GCTaskThread "GC Thread#1" [stack: 0x0000004f22a00000,0x0000004f22b00000] [id=35488]
  0x0000023d7635e070 GCTaskThread "GC Thread#2" [stack: 0x0000004f22b00000,0x0000004f22c00000] [id=34864]
  0x0000023d7635e330 GCTaskThread "GC Thread#3" [stack: 0x0000004f22c00000,0x0000004f22d00000] [id=25996]
  0x0000023d7635e5f0 GCTaskThread "GC Thread#4" [stack: 0x0000004f22d00000,0x0000004f22e00000] [id=35452]
  0x0000023d760408c0 GCTaskThread "GC Thread#5" [stack: 0x0000004f22e00000,0x0000004f22f00000] [id=20084]
  0x0000023d76040b80 GCTaskThread "GC Thread#6" [stack: 0x0000004f22f00000,0x0000004f23000000] [id=14420]
  0x0000023d7635ed10 GCTaskThread "GC Thread#7" [stack: 0x0000004f23400000,0x0000004f23500000] [id=33108]

Threads with active compile tasks:
C2 CompilerThread0    10371 1874       4       java.util.concurrent.ConcurrentHashMap::addCount (279 bytes)
C1 CompilerThread0    10371 1905       3       sun.util.locale.LocaleObjectCache::get (126 bytes)

VM state: not at safepoint (normal execution)

VM Mutex/Monitor currently owned by a thread:  ([mutex/lock_event])
[0x0000023d592ca270] Metaspace_lock - owner thread: 0x0000023d74407510
[0x0000023d5acc9810] MethodData_lock - owner thread: 0x0000023d7440db00

OutOfMemory and StackOverflow Exception counts:
OutOfMemoryError java_heap_errors=1
LinkageErrors=13

Heap address: 0x00000000c0000000, size: 1024 MB, Compressed Oops mode: 32-bit

CDS archive(s) not mapped
Compressed class space mapped at: 0x0000000100000000-0x0000000140000000, reserved size: 1073741824
Narrow klass base: 0x0000000000000000, Narrow klass shift: 3, Narrow klass range: 0x140000000

GC Precious Log:
 CPUs: 12 total, 12 available
 Memory: 15712M
 Large Page Support: Disabled
 NUMA Support: Disabled
 Compressed Oops: Enabled (32-bit)
 Alignments: Space 512K, Generation 512K, Heap 2M
 Heap Min Capacity: 100M
 Heap Initial Capacity: 100M
 Heap Max Capacity: 1G
 Pre-touch: Disabled
 Parallel Workers: 10

Heap:
 PSYoungGen      total 29696K, used 20772K [0x00000000eab00000, 0x00000000ecc00000, 0x0000000100000000)
  eden space 25600K, 65% used [0x00000000eab00000,0x00000000ebb50100,0x00000000ec400000)
  from space 4096K, 99% used [0x00000000ec800000,0x00000000ecbf8f38,0x00000000ecc00000)
  to   space 4096K, 0% used [0x00000000ec400000,0x00000000ec400000,0x00000000ec800000)
 ParOldGen       total 68608K, used 766K [0x00000000c0000000, 0x00000000c4300000, 0x00000000eab00000)
  object space 68608K, 1% used [0x00000000c0000000,0x00000000c00bfb60,0x00000000c4300000)
 Metaspace       used 17953K, committed 18240K, reserved 1114112K
  class space    used 1838K, committed 1984K, reserved 1048576K

Card table byte_map: [0x0000023d6cb80000,0x0000023d6cd90000] _byte_map_base: 0x0000023d6c580000

Marking Bits: (ParMarkBitMap*) 0x00007ffbc572d7d0
 Begin Bits: [0x0000023d6cef0000, 0x0000023d6def0000)
 End Bits:   [0x0000023d6def0000, 0x0000023d6eef0000)

Polling page: 0x0000023d5ad80000

Metaspace:

Usage:
  Non-class:     15.74 MB used.
      Class:      1.80 MB used.
       Both:     17.53 MB used.

Virtual space:
  Non-class space:       64.00 MB reserved,      15.88 MB ( 25%) committed,  1 nodes.
      Class space:        1.00 GB reserved,       1.94 MB ( <1%) committed,  1 nodes.
             Both:        1.06 GB reserved,      17.81 MB (  2%) committed. 

Chunk freelists:
   Non-Class:  15.65 MB
       Class:  14.02 MB
        Both:  29.68 MB

MaxMetaspaceSize: unlimited
CompressedClassSpaceSize: 1.00 GB
Initial GC threshold: 21.00 MB
Current GC threshold: 21.00 MB
CDS: off
MetaspaceReclaimPolicy: balanced
 - commit_granule_bytes: 65536.
 - commit_granule_words: 8192.
 - virtual_space_node_default_size: 8388608.
 - enlarge_chunks_in_place: 1.
 - new_chunks_are_fully_committed: 0.
 - uncommit_free_chunks: 1.
 - use_allocation_guard: 0.
 - handle_deallocations: 1.


Internal statistics:

num_allocs_failed_limit: 0.
num_arena_births: 166.
num_arena_deaths: 0.
num_vsnodes_births: 2.
num_vsnodes_deaths: 0.
num_space_committed: 285.
num_space_uncommitted: 0.
num_chunks_returned_to_freelist: 0.
num_chunks_taken_from_freelist: 502.
num_chunk_merges: 0.
num_chunk_splits: 320.
num_chunks_enlarged: 228.
num_inconsistent_stats: 0.

CodeHeap 'non-profiled nmethods': size=120000Kb used=757Kb max_used=757Kb free=119243Kb
 bounds [0x0000023d65460000, 0x0000023d656d0000, 0x0000023d6c990000]
CodeHeap 'profiled nmethods': size=120000Kb used=3626Kb max_used=3626Kb free=116373Kb
 bounds [0x0000023d5d990000, 0x0000023d5dd20000, 0x0000023d64ec0000]
CodeHeap 'non-nmethods': size=5760Kb used=1177Kb max_used=1196Kb free=4582Kb
 bounds [0x0000023d64ec0000, 0x0000023d65130000, 0x0000023d65460000]
 total_blobs=2380 nmethods=1903 adapters=391
 compilation: enabled
              stopped_count=0, restarted_count=0
 full_count=0

Compilation events (20 events):
Event: 5.287 Thread 0x0000023d7440db00 1865       3       java.net.URLStreamHandler::parseURL (1201 bytes)
Event: 5.301 Thread 0x0000023d7440db00 nmethod 1865 0x0000023d5dcf9790 code [0x0000023d5dcfa8c0, 0x0000023d5dd04e88]
Event: 5.301 Thread 0x0000023d7440db00 1868       1       java.lang.reflect.Field::getModifiers (5 bytes)
Event: 5.301 Thread 0x0000023d7440db00 nmethod 1868 0x0000023d65519a10 code [0x0000023d65519ba0, 0x0000023d65519c78]
Event: 5.301 Thread 0x0000023d7440db00 1869       3       java.lang.reflect.Modifier::isFinal (13 bytes)
Event: 5.301 Thread 0x0000023d7440db00 nmethod 1869 0x0000023d5dd08e10 code [0x0000023d5dd08fa0, 0x0000023d5dd090f8]
Event: 5.301 Thread 0x0000023d7440db00 1867       3       jdk.internal.reflect.MagicAccessorImpl::<init> (5 bytes)
Event: 5.301 Thread 0x0000023d7440db00 nmethod 1867 0x0000023d5dd09190 code [0x0000023d5dd09320, 0x0000023d5dd09478]
Event: 5.301 Thread 0x0000023d7440db00 1870       1       java.lang.reflect.Field::getType (5 bytes)
Event: 5.301 Thread 0x0000023d7440db00 nmethod 1870 0x0000023d65519d10 code [0x0000023d65519ea0, 0x0000023d65519f78]
Event: 5.302 Thread 0x0000023d7440db00 1866   !   3       jdk.internal.loader.URLClassPath::checkURL (16 bytes)
Event: 5.302 Thread 0x0000023d7440db00 nmethod 1866 0x0000023d5dd09510 code [0x0000023d5dd096c0, 0x0000023d5dd09888]
Event: 7.327 Thread 0x0000023d7440db00 1872       3       java.io.DataInputStream::readFully (9 bytes)
Event: 7.327 Thread 0x0000023d7440db00 nmethod 1872 0x0000023d5dd09990 code [0x0000023d5dd09b40, 0x0000023d5dd09c88]
Event: 7.327 Thread 0x0000023d7440db00 1871       3       java.io.DataInputStream::readShort (6 bytes)
Event: 7.327 Thread 0x0000023d7440db00 nmethod 1871 0x0000023d5dd09d90 code [0x0000023d5dd09f20, 0x0000023d5dd0a068]
Event: 7.333 Thread 0x0000023d7440db00 1873       3       sun.util.locale.LocaleUtils::isUpper (18 bytes)
Event: 7.333 Thread 0x0000023d7440db00 nmethod 1873 0x0000023d5dd0a110 code [0x0000023d5dd0a2a0, 0x0000023d5dd0a418]
Event: 7.333 Thread 0x0000023d7440ca50 1874       4       java.util.concurrent.ConcurrentHashMap::addCount (279 bytes)
Event: 7.833 Thread 0x0000023d7440db00 1875       3       java.util.concurrent.TimeUnit::toNanos (45 bytes)

GC Heap History (4 events):
Event: 1.207 GC heap before
{Heap before GC invocations=1 (full 0):
 PSYoungGen      total 29696K, used 25600K [0x00000000eab00000, 0x00000000ecc00000, 0x0000000100000000)
  eden space 25600K, 100% used [0x00000000eab00000,0x00000000ec400000,0x00000000ec400000)
  from space 4096K, 0% used [0x00000000ec800000,0x00000000ec800000,0x00000000ecc00000)
  to   space 4096K, 0% used [0x00000000ec400000,0x00000000ec400000,0x00000000ec800000)
 ParOldGen       total 68608K, used 0K [0x00000000c0000000, 0x00000000c4300000, 0x00000000eab00000)
  object space 68608K, 0% used [0x00000000c0000000,0x00000000c0000000,0x00000000c4300000)
 Metaspace       used 11000K, committed 11200K, reserved 1114112K
  class space    used 1098K, committed 1216K, reserved 1048576K
}
Event: 1.214 GC heap after
{Heap after GC invocations=1 (full 0):
 PSYoungGen      total 29696K, used 3181K [0x00000000eab00000, 0x00000000ecc00000, 0x0000000100000000)
  eden space 25600K, 0% used [0x00000000eab00000,0x00000000eab00000,0x00000000ec400000)
  from space 4096K, 77% used [0x00000000ec400000,0x00000000ec71b700,0x00000000ec800000)
  to   space 4096K, 0% used [0x00000000ec800000,0x00000000ec800000,0x00000000ecc00000)
 ParOldGen       total 68608K, used 16K [0x00000000c0000000, 0x00000000c4300000, 0x00000000eab00000)
  object space 68608K, 0% used [0x00000000c0000000,0x00000000c0004000,0x00000000c4300000)
 Metaspace       used 11000K, committed 11200K, reserved 1114112K
  class space    used 1098K, committed 1216K, reserved 1048576K
}
Event: 1.995 GC heap before
{Heap before GC invocations=2 (full 0):
 PSYoungGen      total 29696K, used 28781K [0x00000000eab00000, 0x00000000ecc00000, 0x0000000100000000)
  eden space 25600K, 100% used [0x00000000eab00000,0x00000000ec400000,0x00000000ec400000)
  from space 4096K, 77% used [0x00000000ec400000,0x00000000ec71b700,0x00000000ec800000)
  to   space 4096K, 0% used [0x00000000ec800000,0x00000000ec800000,0x00000000ecc00000)
 ParOldGen       total 68608K, used 16K [0x00000000c0000000, 0x00000000c4300000, 0x00000000eab00000)
  object space 68608K, 0% used [0x00000000c0000000,0x00000000c0004000,0x00000000c4300000)
 Metaspace       used 14804K, committed 15104K, reserved 1114112K
  class space    used 1500K, committed 1664K, reserved 1048576K
}
Event: 2.001 GC heap after
{Heap after GC invocations=2 (full 0):
 PSYoungGen      total 29696K, used 4067K [0x00000000eab00000, 0x00000000ecc00000, 0x0000000100000000)
  eden space 25600K, 0% used [0x00000000eab00000,0x00000000eab00000,0x00000000ec400000)
  from space 4096K, 99% used [0x00000000ec800000,0x00000000ecbf8f38,0x00000000ecc00000)
  to   space 4096K, 0% used [0x00000000ec400000,0x00000000ec400000,0x00000000ec800000)
 ParOldGen       total 68608K, used 766K [0x00000000c0000000, 0x00000000c4300000, 0x00000000eab00000)
  object space 68608K, 1% used [0x00000000c0000000,0x00000000c00bfb60,0x00000000c4300000)
 Metaspace       used 14804K, committed 15104K, reserved 1114112K
  class space    used 1500K, committed 1664K, reserved 1048576K
}

Dll operation events (9 events):
Event: 0.031 Loaded shared library c:\Users\hp\.vscode\extensions\redhat.java-1.29.0-win32-x64\jre\17.0.10-win32-x86_64\bin\java.dll
Event: 0.249 Loaded shared library c:\Users\hp\.vscode\extensions\redhat.java-1.29.0-win32-x64\jre\17.0.10-win32-x86_64\bin\zip.dll
Event: 0.253 Loaded shared library C:\Users\hp\.vscode\extensions\redhat.java-1.29.0-win32-x64\jre\17.0.10-win32-x86_64\bin\instrument.dll
Event: 0.271 Loaded shared library C:\Users\hp\.vscode\extensions\redhat.java-1.29.0-win32-x64\jre\17.0.10-win32-x86_64\bin\net.dll
Event: 0.275 Loaded shared library C:\Users\hp\.vscode\extensions\redhat.java-1.29.0-win32-x64\jre\17.0.10-win32-x86_64\bin\nio.dll
Event: 0.286 Loaded shared library C:\Users\hp\.vscode\extensions\redhat.java-1.29.0-win32-x64\jre\17.0.10-win32-x86_64\bin\zip.dll
Event: 0.308 Loaded shared library C:\Users\hp\.vscode\extensions\redhat.java-1.29.0-win32-x64\jre\17.0.10-win32-x86_64\bin\jimage.dll
Event: 0.442 Loaded shared library c:\Users\hp\.vscode\extensions\redhat.java-1.29.0-win32-x64\jre\17.0.10-win32-x86_64\bin\verify.dll
Event: 1.846 Loaded shared library C:\Users\hp\AppData\Roaming\Code\User\globalStorage\redhat.java\1.29.0\config_ss_win\org.eclipse.equinox.launcher\org.eclipse.equinox.launcher.win32.win32.x86_64_1.2.900.v20240213-1244\eclipse_11900.dll

Deoptimization events (20 events):
Event: 3.269 Thread 0x0000023d74408e60 Uncommon trap: trap_request=0xffffff45 fr.pc=0x0000023d654b3f84 relative=0x0000000000000084
Event: 3.269 Thread 0x0000023d74408e60 Uncommon trap: reason=unstable_if action=reinterpret pc=0x0000023d654b3f84 method=java.util.jar.Manifest$FastInputStream.peek()B @ 8 c2
Event: 3.269 Thread 0x0000023d74408e60 DEOPT PACKING pc=0x0000023d654b3f84 sp=0x0000004f232fe400
Event: 3.269 Thread 0x0000023d74408e60 DEOPT UNPACKING pc=0x0000023d64f166a3 sp=0x0000004f232fe398 mode 2
Event: 7.328 Thread 0x0000023d74407510 Uncommon trap: trap_request=0xffffffc6 fr.pc=0x0000023d655136bc relative=0x0000000000000d7c
Event: 7.328 Thread 0x0000023d74407510 Uncommon trap: reason=bimorphic_or_optimized_type_check action=maybe_recompile pc=0x0000023d655136bc method=java.io.DataInputStream.readInt()I @ 6 c2
Event: 7.328 Thread 0x0000023d74407510 DEOPT PACKING pc=0x0000023d655136bc sp=0x0000004f231fe7e0
Event: 7.328 Thread 0x0000023d74407510 DEOPT UNPACKING pc=0x0000023d64f166a3 sp=0x0000004f231fe798 mode 2
Event: 7.328 Thread 0x0000023d74407510 Uncommon trap: trap_request=0xffffffc6 fr.pc=0x0000023d655136bc relative=0x0000000000000d7c
Event: 7.328 Thread 0x0000023d74407510 Uncommon trap: reason=bimorphic_or_optimized_type_check action=maybe_recompile pc=0x0000023d655136bc method=java.io.DataInputStream.readInt()I @ 6 c2
Event: 7.328 Thread 0x0000023d74407510 DEOPT PACKING pc=0x0000023d655136bc sp=0x0000004f231fe760
Event: 7.328 Thread 0x0000023d74407510 DEOPT UNPACKING pc=0x0000023d64f166a3 sp=0x0000004f231fe718 mode 2
Event: 7.328 Thread 0x0000023d74407510 Uncommon trap: trap_request=0xffffffc6 fr.pc=0x0000023d655136bc relative=0x0000000000000d7c
Event: 7.328 Thread 0x0000023d74407510 Uncommon trap: reason=bimorphic_or_optimized_type_check action=maybe_recompile pc=0x0000023d655136bc method=java.io.DataInputStream.readInt()I @ 6 c2
Event: 7.328 Thread 0x0000023d74407510 DEOPT PACKING pc=0x0000023d655136bc sp=0x0000004f231fe760
Event: 7.328 Thread 0x0000023d74407510 DEOPT UNPACKING pc=0x0000023d64f166a3 sp=0x0000004f231fe718 mode 2
Event: 7.328 Thread 0x0000023d74407510 Uncommon trap: trap_request=0xffffffc6 fr.pc=0x0000023d655136bc relative=0x0000000000000d7c
Event: 7.328 Thread 0x0000023d74407510 Uncommon trap: reason=bimorphic_or_optimized_type_check action=maybe_recompile pc=0x0000023d655136bc method=java.io.DataInputStream.readInt()I @ 6 c2
Event: 7.328 Thread 0x0000023d74407510 DEOPT PACKING pc=0x0000023d655136bc sp=0x0000004f231fe760
Event: 7.328 Thread 0x0000023d74407510 DEOPT UNPACKING pc=0x0000023d64f166a3 sp=0x0000004f231fe718 mode 2

Classes unloaded (0 events):
No events

Classes redefined (0 events):
No events

Internal exceptions (20 events):
Event: 1.137 Thread 0x0000023d5accb020 Implicit null exception at 0x0000023d654b1f7b to 0x0000023d654b2900
Event: 1.137 Thread 0x0000023d5accb020 Implicit null exception at 0x0000023d654aaaec to 0x0000023d654aacc8
Event: 1.137 Thread 0x0000023d5accb020 Implicit null exception at 0x0000023d654ac4ec to 0x0000023d654ac6bc
Event: 1.137 Thread 0x0000023d5accb020 Implicit null exception at 0x0000023d6549fc8f to 0x0000023d6549fd05
Event: 1.197 Thread 0x0000023d5accb020 Exception <a 'java/lang/NoSuchMethodError'{0x00000000ec3baec0}: 'int java.lang.invoke.DirectMethodHandle$Holder.invokeStaticInit(java.lang.Object, java.lang.Object, java.lang.Object, java.lang.Object)'> (0x00000000ec3baec0) 
thrown [s\src\hotspot\share\interpreter\linkResolver.cpp, line 759]
Event: 1.198 Thread 0x0000023d5accb020 Exception <a 'java/lang/NoSuchMethodError'{0x00000000ec3c5530}: 'java.lang.Object java.lang.invoke.DirectMethodHandle$Holder.invokeInterface(java.lang.Object, java.lang.Object)'> (0x00000000ec3c5530) 
thrown [s\src\hotspot\share\interpreter\linkResolver.cpp, line 759]
Event: 1.199 Thread 0x0000023d5accb020 Exception <a 'java/lang/IncompatibleClassChangeError'{0x00000000ec3c8d28}: Found class java.lang.Object, but interface was expected> (0x00000000ec3c8d28) 
thrown [s\src\hotspot\share\interpreter\linkResolver.cpp, line 826]
Event: 1.200 Thread 0x0000023d5accb020 Exception <a 'java/lang/NoSuchMethodError'{0x00000000ec3cd218}: 'void java.lang.invoke.DirectMethodHandle$Holder.invokeStatic(java.lang.Object, java.lang.Object)'> (0x00000000ec3cd218) 
thrown [s\src\hotspot\share\interpreter\linkResolver.cpp, line 759]
Event: 1.200 Thread 0x0000023d5accb020 Exception <a 'java/lang/NoSuchMethodError'{0x00000000ec3d0a18}: 'void java.lang.invoke.DirectMethodHandle$Holder.invokeStaticInit(java.lang.Object, java.lang.Object)'> (0x00000000ec3d0a18) 
thrown [s\src\hotspot\share\interpreter\linkResolver.cpp, line 759]
Event: 1.201 Thread 0x0000023d5accb020 Exception <a 'java/lang/NoSuchMethodError'{0x00000000ec3d9148}: 'int java.lang.invoke.DirectMethodHandle$Holder.invokeStaticInit(java.lang.Object, java.lang.Object)'> (0x00000000ec3d9148) 
thrown [s\src\hotspot\share\interpreter\linkResolver.cpp, line 759]
Event: 1.260 Thread 0x0000023d5accb020 Exception <a 'java/lang/NoSuchMethodError'{0x00000000eac419d0}: 'void java.lang.invoke.DirectMethodHandle$Holder.invokeSpecial(java.lang.Object, java.lang.Object, java.lang.Object)'> (0x00000000eac419d0) 
thrown [s\src\hotspot\share\interpreter\linkResolver.cpp, line 759]
Event: 1.639 Thread 0x0000023d5accb020 Exception <a 'java/lang/NoSuchMethodError'{0x00000000eb8ef158}: 'java.lang.Object java.lang.invoke.DirectMethodHandle$Holder.newInvokeSpecial(java.lang.Object, int, java.lang.Object)'> (0x00000000eb8ef158) 
thrown [s\src\hotspot\share\interpreter\linkResolver.cpp, line 759]
Event: 1.838 Thread 0x0000023d5accb020 Exception <a 'java/lang/UnsatisfiedLinkError'{0x00000000ebe874d8}: 'void org.eclipse.equinox.launcher.JNIBridge._update_splash()'> (0x00000000ebe874d8) 
thrown [s\src\hotspot\share\prims\nativeLookup.cpp, line 543]
Event: 1.915 Thread 0x0000023d74408e60 Exception <a 'java/lang/NoSuchMethodError'{0x00000000ec175a78}: 'java.lang.Object java.lang.invoke.DirectMethodHandle$Holder.invokeStaticInit(java.lang.Object)'> (0x00000000ec175a78) 
thrown [s\src\hotspot\share\interpreter\linkResolver.cpp, line 759]
Event: 1.959 Thread 0x0000023d74408e60 Exception <a 'java/lang/NullPointerException'{0x00000000ec2b7190}> (0x00000000ec2b7190) 
thrown [s\src\hotspot\share\interpreter\linkResolver.cpp, line 1350]
Event: 1.959 Thread 0x0000023d74408e60 Exception <a 'java/lang/NullPointerException'{0x00000000ec2b7468}> (0x00000000ec2b7468) 
thrown [s\src\hotspot\share\interpreter\linkResolver.cpp, line 1350]
Event: 2.172 Thread 0x0000023d74408e60 Exception <a 'java/io/FileNotFoundException'{0x00000000eb554d18}> (0x00000000eb554d18) 
thrown [s\src\hotspot\share\prims\jni.cpp, line 516]
Event: 2.219 Thread 0x0000023d74408e60 Exception <a 'java/lang/NoSuchMethodError'{0x00000000eb6f9ec8}: 'java.lang.Object java.lang.invoke.Invokers$Holder.invokeExact_MT(java.lang.Object, java.lang.Object, java.lang.Object, java.lang.Object, java.lang.Object, java.lang.Object)'> (0x00000000eb6f9ec8) 
thrown [s\src\hotspot\share\interpreter\linkResolver.cpp, line 759]
Event: 3.254 Thread 0x0000023d74408e60 Exception <a 'java/lang/NoSuchMethodError'{0x00000000eb81d9a0}: 'java.lang.Object java.lang.invoke.Invokers$Holder.linkToTargetMethod(java.lang.Object, long, java.lang.Object)'> (0x00000000eb81d9a0) 
thrown [s\src\hotspot\share\interpreter\linkResolver.cpp, line 759]
Event: 5.280 Thread 0x0000023d74408e60 Exception <a 'java/lang/OutOfMemoryError'{0x00000000eb8a38d0}> (0x00000000eb8a38d0) 
thrown [s\src\hotspot\share\prims\jni.cpp, line 535]

VM Operations (20 events):
Event: 1.600 Executing VM operation: HandshakeAllThreads
Event: 1.600 Executing VM operation: HandshakeAllThreads done
Event: 1.600 Executing VM operation: HandshakeAllThreads
Event: 1.600 Executing VM operation: HandshakeAllThreads done
Event: 1.612 Executing VM operation: HandshakeAllThreads
Event: 1.612 Executing VM operation: HandshakeAllThreads done
Event: 1.630 Executing VM operation: HandshakeAllThreads
Event: 1.630 Executing VM operation: HandshakeAllThreads done
Event: 1.955 Executing VM operation: HandshakeAllThreads
Event: 1.956 Executing VM operation: HandshakeAllThreads done
Event: 1.995 Executing VM operation: ParallelGCFailedAllocation
Event: 2.001 Executing VM operation: ParallelGCFailedAllocation done
Event: 4.001 Executing VM operation: Cleanup
Event: 4.001 Executing VM operation: Cleanup done
Event: 6.011 Executing VM operation: Cleanup
Event: 6.305 Executing VM operation: Cleanup done
Event: 7.329 Executing VM operation: HandshakeAllThreads
Event: 7.329 Executing VM operation: HandshakeAllThreads done
Event: 7.329 Executing VM operation: Cleanup
Event: 7.329 Executing VM operation: Cleanup done

Events (20 events):
Event: 7.330 loading class sun/util/cldr/CLDRLocaleProviderAdapter
Event: 7.330 loading class sun/util/locale/provider/JRELocaleProviderAdapter
Event: 7.331 loading class sun/util/locale/provider/ResourceBundleBasedAdapter
Event: 7.331 loading class sun/util/locale/provider/ResourceBundleBasedAdapter done
Event: 7.331 loading class sun/util/locale/provider/JRELocaleProviderAdapter done
Event: 7.331 loading class sun/util/cldr/CLDRLocaleProviderAdapter done
Event: 7.331 loading class sun/util/cldr/CLDRBaseLocaleDataMetaInfo
Event: 7.331 loading class sun/util/locale/provider/LocaleDataMetaInfo
Event: 7.331 loading class sun/util/locale/provider/LocaleDataMetaInfo done
Event: 7.331 loading class sun/util/cldr/CLDRBaseLocaleDataMetaInfo done
Event: 7.332 loading class sun/util/locale/LanguageTag
Event: 7.332 loading class sun/util/locale/LanguageTag done
Event: 7.332 loading class sun/util/locale/ParseStatus
Event: 7.332 loading class sun/util/locale/ParseStatus done
Event: 7.332 loading class sun/util/locale/StringTokenIterator
Event: 7.332 loading class sun/util/locale/StringTokenIterator done
Event: 7.332 loading class sun/util/locale/InternalLocaleBuilder
Event: 7.332 loading class sun/util/locale/InternalLocaleBuilder done
Event: 7.333 loading class sun/util/locale/InternalLocaleBuilder$CaseInsensitiveChar
Event: 7.333 loading class sun/util/locale/InternalLocaleBuilder$CaseInsensitiveChar done


Dynamic libraries:
0x00007ff794a00000 - 0x00007ff794a0e000 	c:\Users\hp\.vscode\extensions\redhat.java-1.29.0-win32-x64\jre\17.0.10-win32-x86_64\bin\java.exe
0x00007ffc12bb0000 - 0x00007ffc12e04000 	C:\WINDOWS\SYSTEM32\ntdll.dll
0x00007ffc10fb0000 - 0x00007ffc11077000 	C:\WINDOWS\System32\KERNEL32.DLL
0x00007ffc10580000 - 0x00007ffc10920000 	C:\WINDOWS\System32\KERNELBASE.dll
0x00007ffc10380000 - 0x00007ffc104ca000 	C:\WINDOWS\System32\ucrtbase.dll
0x00007ffc04ff0000 - 0x00007ffc0500b000 	c:\Users\hp\.vscode\extensions\redhat.java-1.29.0-win32-x64\jre\17.0.10-win32-x86_64\bin\VCRUNTIME140.dll
0x00007ffc021f0000 - 0x00007ffc02207000 	c:\Users\hp\.vscode\extensions\redhat.java-1.29.0-win32-x64\jre\17.0.10-win32-x86_64\bin\jli.dll
0x00007ffc11e30000 - 0x00007ffc11fef000 	C:\WINDOWS\System32\USER32.dll
0x00007ffbf5f60000 - 0x00007ffbf61f0000 	C:\WINDOWS\WinSxS\amd64_microsoft.windows.common-controls_6595b64144ccf1df_6.0.26085.1_none_fa4bc89212a99518\COMCTL32.dll
0x00007ffc12640000 - 0x00007ffc126e9000 	C:\WINDOWS\System32\msvcrt.dll
0x00007ffc102b0000 - 0x00007ffc102d7000 	C:\WINDOWS\System32\win32u.dll
0x00007ffc111c0000 - 0x00007ffc111ea000 	C:\WINDOWS\System32\GDI32.dll
0x00007ffc10180000 - 0x00007ffc102a1000 	C:\WINDOWS\System32\gdi32full.dll
0x00007ffc104d0000 - 0x00007ffc10573000 	C:\WINDOWS\System32\msvcp_win.dll
0x00007ffc12920000 - 0x00007ffc1294f000 	C:\WINDOWS\System32\IMM32.DLL
0x00007ffc06670000 - 0x00007ffc0667c000 	c:\Users\hp\.vscode\extensions\redhat.java-1.29.0-win32-x64\jre\17.0.10-win32-x86_64\bin\vcruntime140_1.dll
0x00007ffbcb080000 - 0x00007ffbcb10d000 	c:\Users\hp\.vscode\extensions\redhat.java-1.29.0-win32-x64\jre\17.0.10-win32-x86_64\bin\msvcp140.dll
0x00007ffbc4b90000 - 0x00007ffbc57f2000 	c:\Users\hp\.vscode\extensions\redhat.java-1.29.0-win32-x64\jre\17.0.10-win32-x86_64\bin\server\jvm.dll
0x00007ffc124a0000 - 0x00007ffc12552000 	C:\WINDOWS\System32\ADVAPI32.dll
0x00007ffc12a40000 - 0x00007ffc12ae6000 	C:\WINDOWS\System32\sechost.dll
0x00007ffc11c90000 - 0x00007ffc11da9000 	C:\WINDOWS\System32\RPCRT4.dll
0x00007ffc0ed30000 - 0x00007ffc0ed7e000 	C:\WINDOWS\SYSTEM32\POWRPROF.dll
0x00007ffbe45d0000 - 0x00007ffbe45da000 	C:\WINDOWS\SYSTEM32\WSOCK32.dll
0x00007ffc090f0000 - 0x00007ffc09126000 	C:\WINDOWS\SYSTEM32\WINMM.dll
0x00007ffc12960000 - 0x00007ffc129d4000 	C:\WINDOWS\System32\WS2_32.dll
0x00007ffc09130000 - 0x00007ffc0913b000 	C:\WINDOWS\SYSTEM32\VERSION.dll
0x00007ffc0ed10000 - 0x00007ffc0ed24000 	C:\WINDOWS\SYSTEM32\UMPDC.dll
0x00007ffc0eff0000 - 0x00007ffc0f00a000 	C:\WINDOWS\SYSTEM32\kernel.appcore.dll
0x00007ffc04cb0000 - 0x00007ffc04cba000 	c:\Users\hp\.vscode\extensions\redhat.java-1.29.0-win32-x64\jre\17.0.10-win32-x86_64\bin\jimage.dll
0x00007ffc0db10000 - 0x00007ffc0dd51000 	C:\WINDOWS\SYSTEM32\DBGHELP.DLL
0x00007ffc10c30000 - 0x00007ffc10fa5000 	C:\WINDOWS\System32\combase.dll
0x00007ffc12560000 - 0x00007ffc12636000 	C:\WINDOWS\System32\OLEAUT32.dll
0x00007ffbf0b40000 - 0x00007ffbf0b79000 	C:\WINDOWS\SYSTEM32\dbgcore.DLL
0x00007ffc102e0000 - 0x00007ffc10379000 	C:\WINDOWS\System32\bcryptPrimitives.dll
0x00007ffc01fa0000 - 0x00007ffc01fae000 	c:\Users\hp\.vscode\extensions\redhat.java-1.29.0-win32-x64\jre\17.0.10-win32-x86_64\bin\instrument.dll
0x00007ffbe3e50000 - 0x00007ffbe3e75000 	c:\Users\hp\.vscode\extensions\redhat.java-1.29.0-win32-x64\jre\17.0.10-win32-x86_64\bin\java.dll
0x00007ffc00420000 - 0x00007ffc00438000 	c:\Users\hp\.vscode\extensions\redhat.java-1.29.0-win32-x64\jre\17.0.10-win32-x86_64\bin\zip.dll
0x00007ffc111f0000 - 0x00007ffc118d6000 	C:\WINDOWS\System32\SHELL32.dll
0x00007ffc0ddd0000 - 0x00007ffc0e5fb000 	C:\WINDOWS\SYSTEM32\windows.storage.dll
0x00007ffc118e0000 - 0x00007ffc119b3000 	C:\WINDOWS\System32\SHCORE.dll
0x00007ffc126f0000 - 0x00007ffc1274d000 	C:\WINDOWS\System32\shlwapi.dll
0x00007ffc0ff20000 - 0x00007ffc0ff44000 	C:\WINDOWS\SYSTEM32\profapi.dll
0x00007ffbfaa40000 - 0x00007ffbfaa59000 	C:\Users\hp\.vscode\extensions\redhat.java-1.29.0-win32-x64\jre\17.0.10-win32-x86_64\bin\net.dll
0x00007ffc067d0000 - 0x00007ffc068ed000 	C:\WINDOWS\SYSTEM32\WINHTTP.dll
0x00007ffc0f4b0000 - 0x00007ffc0f518000 	C:\WINDOWS\system32\mswsock.dll
0x00007ffbf64c0000 - 0x00007ffbf64d6000 	C:\Users\hp\.vscode\extensions\redhat.java-1.29.0-win32-x64\jre\17.0.10-win32-x86_64\bin\nio.dll
0x00007ffc00470000 - 0x00007ffc00480000 	c:\Users\hp\.vscode\extensions\redhat.java-1.29.0-win32-x64\jre\17.0.10-win32-x86_64\bin\verify.dll
0x00007ffbf4f10000 - 0x00007ffbf4f4e000 	C:\Users\hp\AppData\Roaming\Code\User\globalStorage\redhat.java\1.29.0\config_ss_win\org.eclipse.equinox.launcher\org.eclipse.equinox.launcher.win32.win32.x86_64_1.2.900.v20240213-1244\eclipse_11900.dll
0x00007ffc119c0000 - 0x00007ffc11b55000 	C:\WINDOWS\System32\ole32.dll

dbghelp: loaded successfully - version: 4.0.5 - missing functions: none
symbol engine: initialized successfully - sym options: 0x614 - pdb path: .;c:\Users\hp\.vscode\extensions\redhat.java-1.29.0-win32-x64\jre\17.0.10-win32-x86_64\bin;C:\WINDOWS\SYSTEM32;C:\WINDOWS\WinSxS\amd64_microsoft.windows.common-controls_6595b64144ccf1df_6.0.26085.1_none_fa4bc89212a99518;c:\Users\hp\.vscode\extensions\redhat.java-1.29.0-win32-x64\jre\17.0.10-win32-x86_64\bin\server;C:\Users\hp\AppData\Roaming\Code\User\globalStorage\redhat.java\1.29.0\config_ss_win\org.eclipse.equinox.launcher\org.eclipse.equinox.launcher.win32.win32.x86_64_1.2.900.v20240213-1244

VM Arguments:
jvm_args: --add-modules=ALL-SYSTEM --add-opens=java.base/java.util=ALL-UNNAMED --add-opens=java.base/java.lang=ALL-UNNAMED --add-opens=java.base/sun.nio.fs=ALL-UNNAMED -Declipse.application=org.eclipse.jdt.ls.core.id1 -Dosgi.bundles.defaultStartLevel=4 -Declipse.product=org.eclipse.jdt.ls.core.product -Djava.import.generatesMetadataFilesAtProjectRoot=false -DDetectVMInstallationsJob.disabled=true -Dfile.encoding=utf8 -XX:+UseParallelGC -XX:GCTimeRatio=4 -XX:AdaptiveSizePolicyWeight=90 -Dsun.zip.disableMemoryMapping=true -Xmx1G -Xms100m -Xlog:disable -javaagent:c:\Users\hp\.vscode\extensions\redhat.java-1.29.0-win32-x64\lombok\lombok-1.18.32.jar 
java_command: c:\Users\hp\.vscode\extensions\redhat.java-1.29.0-win32-x64\server\plugins\org.eclipse.equinox.launcher_1.6.800.v20240304-1850.jar -configuration c:\Users\hp\AppData\Roaming\Code\User\globalStorage\redhat.java\1.29.0\config_ss_win -data c:\Users\hp\AppData\Roaming\Code\User\workspaceStorage\edcfe10512dfc4d20165833cec2324a7\redhat.java\ss_ws --stdio
java_class_path (initial): c:\Users\hp\.vscode\extensions\redhat.java-1.29.0-win32-x64\server\plugins\org.eclipse.equinox.launcher_1.6.800.v20240304-1850.jar
Launcher Type: SUN_STANDARD

[Global flags]
    uintx AdaptiveSizePolicyWeight                 = 90                                        {product} {command line}
     intx CICompilerCount                          = 4                                         {product} {ergonomic}
    uintx GCTimeRatio                              = 4                                         {product} {command line}
   size_t InitialHeapSize                          = 104857600                                 {product} {command line}
   size_t MaxHeapSize                              = 1073741824                                {product} {command line}
   size_t MaxNewSize                               = 357564416                                 {product} {ergonomic}
   size_t MinHeapDeltaBytes                        = 524288                                    {product} {ergonomic}
   size_t MinHeapSize                              = 104857600                                 {product} {command line}
   size_t NewSize                                  = 34603008                                  {product} {ergonomic}
    uintx NonNMethodCodeHeapSize                   = 5839372                                {pd product} {ergonomic}
    uintx NonProfiledCodeHeapSize                  = 122909434                              {pd product} {ergonomic}
   size_t OldSize                                  = 70254592                                  {product} {ergonomic}
    uintx ProfiledCodeHeapSize                     = 122909434                              {pd product} {ergonomic}
    uintx ReservedCodeCacheSize                    = 251658240                              {pd product} {ergonomic}
     bool SegmentedCodeCache                       = true                                      {product} {ergonomic}
   size_t SoftMaxHeapSize                          = 1073741824                             {manageable} {ergonomic}
     bool UseCompressedClassPointers               = true                           {product lp64_product} {ergonomic}
     bool UseCompressedOops                        = true                           {product lp64_product} {ergonomic}
     bool UseLargePagesIndividualAllocation        = false                                  {pd product} {ergonomic}
     bool UseParallelGC                            = true                                      {product} {command line}

Logging:
Log output configuration:
 #0: stdout all=off uptime,level,tags
 #1: stderr all=off uptime,level,tags

Environment Variables:
JAVA_HOME=C:\Program Files\Java\jdk-21
PATH=C:\Program Files\Common Files\Oracle\Java\javapath;C:\WINDOWS\system32;C:\WINDOWS;C:\WINDOWS\System32\Wbem;C:\WINDOWS\System32\WindowsPowerShell\v1.0\;C:\WINDOWS\System32\OpenSSH\;C:\MinGW\bin;C:\Program Files\nodejs\;C:\Program Files\Git\cmd;C:\Program Files\MySQL\MySQL Shell 8.0\bin\;C:\Users\hp\AppData\Local\Programs\Python\Python312\Scripts\;C:\Users\hp\AppData\Local\Programs\Python\Python312\;C:\Users\hp\AppData\Local\Programs\Python\Launcher\;C:\Users\hp\AppData\Local\Microsoft\WindowsApps;C:\Users\hp\AppData\Local\Programs\Microsoft VS Code\bin;C:\Users\hp\AppData\Roaming\npm;
USERNAME=hp
OS=Windows_NT
PROCESSOR_IDENTIFIER=AMD64 Family 25 Model 80 Stepping 0, AuthenticAMD
TMP=C:\Users\hp\AppData\Local\Temp
TEMP=C:\Users\hp\AppData\Local\Temp



Periodic native trim disabled


---------------  S Y S T E M  ---------------

OS:
 Windows 11 , 64 bit Build 26085 (10.0.26085.1)
OS uptime: 0 days 15:32 hours
Hyper-V role detected

CPU: total 12 (initial active 12) (12 cores per cpu, 2 threads per core) family 25 model 80 stepping 0 microcode 0xa50000f, cx8, cmov, fxsr, ht, mmx, 3dnowpref, sse, sse2, sse3, ssse3, sse4a, sse4.1, sse4.2, popcnt, lzcnt, tsc, tscinvbit, avx, avx2, aes, erms, clmul, bmi1, bmi2, adx, sha, fma, vzeroupper, clflush, clflushopt, hv
Processor Information for all 12 processors :
  Max Mhz: 2301, Current Mhz: 2010, Mhz Limit: 2301

Memory: 4k page, system-wide physical 15712M (4916M free)
TotalPageFile size 44167M (AvailPageFile size 2M)
current process WorkingSet (physical memory assigned to process): 94M, peak: 98M
current process commit charge ("private bytes"): 215M, peak: 219M

vm_info: OpenJDK 64-Bit Server VM (17.0.10+7) for windows-amd64 JRE (17.0.10+7), built on Jan 16 2024 23:25:11 by "admin" with MS VC++ 16.10 / 16.11 (VS2019)

END.
