#
# There is insufficient memory for the Java Runtime Environment to continue.
# Native memory allocation (malloc) failed to allocate 32744 bytes for Chunk::new
# Possible reasons:
#   The system is out of physical RAM or swap space
#   The process is running with CompressedOops enabled, and the Java Heap may be blocking the growth of the native heap
# Possible solutions:
#   Reduce memory load on the system
#   Increase physical memory or swap space
#   Check if swap backing store is full
#   Decrease Java heap size (-Xmx/-Xms)
#   Decrease number of Java threads
#   Decrease Java thread stack sizes (-Xss)
#   Set larger code cache with -XX:ReservedCodeCacheSize=
#   JVM is running with Zero Based Compressed Oops mode in which the Java heap is
#     placed in the first 32GB address space. The Java Heap base address is the
#     maximum limit for the native heap growth. Please use -XX:HeapBaseMinAddress
#     to set the Java Heap base and to place the Java Heap above 32GB virtual address.
# This output file may be truncated or incomplete.
#
#  Out of Memory Error (arena.cpp:184), pid=11344, tid=19908
#
# JRE version: Java(TM) SE Runtime Environment (19.0.2+7) (build 19.0.2+7-44)
# Java VM: Java HotSpot(TM) 64-Bit Server VM (19.0.2+7-44, mixed mode, sharing, tiered, compressed oops, compressed class ptrs, g1 gc, windows-amd64)
# No core dump will be written. Minidumps are not enabled by default on client versions of Windows
#

---------------  S U M M A R Y ------------

Command Line: -Dfile.encoding=UTF-8 --module-path=C:\Users\hp\Documents\NetBeansProjects\Tervel Management System\build\classes tervel.management.system.ForgetPassword

Host: AMD Ryzen 5 5625U with Radeon Graphics         , 12 cores, 15G,  Windows 11 , 64 bit Build 26085 (10.0.26085.1)
Time: Sat Apr  6 01:38:44 2024 India Standard Time elapsed time: 8862.236138 seconds (0d 2h 27m 42s)

---------------  T H R E A D  ---------------

Current thread (0x00000257aa9310a0):  JavaThread "C2 CompilerThread0" daemon [_thread_in_native, id=19908, stack(0x000000750d100000,0x000000750d200000)]


Current CompileTask:
C2:8862236 3300   !   4       jdk.internal.loader.BuiltinClassLoader::findResource (154 bytes)

Stack: [0x000000750d100000,0x000000750d200000]
Native frames: (J=compiled Java code, j=interpreted, Vv=VM code, C=native code)
V  [jvm.dll+0x6ee21a]
V  [jvm.dll+0x85765e]
V  [jvm.dll+0x85904e]
V  [jvm.dll+0x859703]
V  [jvm.dll+0x28298f]
V  [jvm.dll+0xc9adf]
V  [jvm.dll+0xc9e65]
V  [jvm.dll+0x5f073d]
V  [jvm.dll+0x255483]
V  [jvm.dll+0x24da11]
V  [jvm.dll+0x24b673]
V  [jvm.dll+0x1d6ce1]
V  [jvm.dll+0x25b25a]
V  [jvm.dll+0x2596e8]
V  [jvm.dll+0x807588]
V  [jvm.dll+0x80125a]
V  [jvm.dll+0x6ecf0b]
C  [ucrtbase.dll+0x43570]
C  [KERNEL32.DLL+0x31fd7]
C  [ntdll.dll+0x6d9c0]


---------------  P R O C E S S  ---------------

Threads class SMR info:
_java_thread_list=0x00000257b23380b0, length=19, elements={
0x00000257a6187220, 0x00000257a618a2e0, 0x00000257a618b6f0, 0x00000257a618dc40,
0x00000257a618ecf0, 0x00000257a6199850, 0x00000257aa9310a0, 0x00000257aa93ad10,
0x00000257aa94d280, 0x00000257aaa03140, 0x00000257aaa96ef0, 0x00000257aab5cc40,
0x00000257aac98830, 0x00000257aac9b830, 0x00000257ab631de0, 0x0000025782d28770,
0x00000257aaa48580, 0x00000257ab8d25b0, 0x00000257aaa9c9d0
}

Java Threads: ( => current thread )
  0x00000257a6187220 JavaThread "Reference Handler" daemon [_thread_blocked, id=5600, stack(0x000000750cb00000,0x000000750cc00000)]
  0x00000257a618a2e0 JavaThread "Finalizer" daemon [_thread_blocked, id=21100, stack(0x000000750cc00000,0x000000750cd00000)]
  0x00000257a618b6f0 JavaThread "Signal Dispatcher" daemon [_thread_blocked, id=13252, stack(0x000000750cd00000,0x000000750ce00000)]
  0x00000257a618dc40 JavaThread "Attach Listener" daemon [_thread_blocked, id=18376, stack(0x000000750ce00000,0x000000750cf00000)]
  0x00000257a618ecf0 JavaThread "Service Thread" daemon [_thread_blocked, id=9372, stack(0x000000750cf00000,0x000000750d000000)]
  0x00000257a6199850 JavaThread "Monitor Deflation Thread" daemon [_thread_blocked, id=1272, stack(0x000000750d000000,0x000000750d100000)]
=>0x00000257aa9310a0 JavaThread "C2 CompilerThread0" daemon [_thread_in_native, id=19908, stack(0x000000750d100000,0x000000750d200000)]
  0x00000257aa93ad10 JavaThread "C1 CompilerThread0" daemon [_thread_blocked, id=18644, stack(0x000000750d200000,0x000000750d300000)]
  0x00000257aa94d280 JavaThread "Sweeper thread" daemon [_thread_blocked, id=11576, stack(0x000000750d300000,0x000000750d400000)]
  0x00000257aaa03140 JavaThread "Common-Cleaner" daemon [_thread_blocked, id=19024, stack(0x000000750d400000,0x000000750d500000)]
  0x00000257aaa96ef0 JavaThread "Notification Thread" daemon [_thread_blocked, id=9144, stack(0x000000750d500000,0x000000750d600000)]
  0x00000257aab5cc40 JavaThread "Java2D Disposer" daemon [_thread_blocked, id=21052, stack(0x000000750d700000,0x000000750d800000)]
  0x00000257aac98830 JavaThread "AWT-Shutdown" [_thread_blocked, id=11412, stack(0x000000750d800000,0x000000750d900000)]
  0x00000257aac9b830 JavaThread "AWT-Windows" daemon [_thread_in_native, id=20572, stack(0x000000750d900000,0x000000750da00000)]
  0x00000257ab631de0 JavaThread "AWT-EventQueue-0" [_thread_blocked, id=21184, stack(0x000000750e600000,0x000000750e700000)]
  0x0000025782d28770 JavaThread "DestroyJavaVM" [_thread_blocked, id=6972, stack(0x000000750c400000,0x000000750c500000)]
  0x00000257aaa48580 JavaThread "D3D Screen Updater" daemon [_thread_blocked, id=4908, stack(0x000000750e800000,0x000000750e900000)]
  0x00000257ab8d25b0 JavaThread "TimerQueue" daemon [_thread_blocked, id=5036, stack(0x000000750e500000,0x000000750e600000)]
  0x00000257aaa9c9d0 JavaThread "mysql-cj-abandoned-connection-cleanup" daemon [_thread_blocked, id=19572, stack(0x000000750e400000,0x000000750e500000)]

Other Threads:
  0x00000257a616f830 VMThread "VM Thread" [stack: 0x000000750ca00000,0x000000750cb00000] [id=12968]
  0x00000257aaa77420 WatcherThread "VM Periodic Task Thread" [stack: 0x000000750d600000,0x000000750d700000] [id=18488]
  0x0000025782d99070 WorkerThread "GC Thread#0" [stack: 0x000000750c500000,0x000000750c600000] [id=12624]
  0x00000257ab4b8f90 WorkerThread "GC Thread#1" [stack: 0x000000750ed00000,0x000000750ee00000] [id=17776]
  0x00000257ab4b7370 WorkerThread "GC Thread#2" [stack: 0x000000750ee00000,0x000000750ef00000] [id=19620]
  0x00000257ab4b7640 WorkerThread "GC Thread#3" [stack: 0x000000750ef00000,0x000000750f000000] [id=15700]
  0x00000257ab4b7910 WorkerThread "GC Thread#4" [stack: 0x000000750f000000,0x000000750f100000] [id=7476]
  0x00000257ab4b7eb0 WorkerThread "GC Thread#5" [stack: 0x000000750f100000,0x000000750f200000] [id=17868]
  0x00000257ab4b7be0 WorkerThread "GC Thread#6" [stack: 0x000000750f200000,0x000000750f300000] [id=20984]
  0x00000257b23c4820 WorkerThread "GC Thread#7" [stack: 0x000000750f300000,0x000000750f400000] [id=10296]
  0x00000257b23c6cb0 WorkerThread "GC Thread#8" [stack: 0x000000750f400000,0x000000750f500000] [id=10512]
  0x00000257b23c6f80 WorkerThread "GC Thread#9" [stack: 0x000000750f500000,0x000000750f600000] [id=12916]
  0x0000025782da96c0 ConcurrentGCThread "G1 Main Marker" [stack: 0x000000750c600000,0x000000750c700000] [id=12336]
  0x0000025782daf370 WorkerThread "G1 Conc#0" [stack: 0x000000750c700000,0x000000750c800000] [id=21128]
  0x0000025782dee3f0 ConcurrentGCThread "G1 Refine#0" [stack: 0x000000750c800000,0x000000750c900000] [id=20508]
  0x0000025782deebf0 ConcurrentGCThread "G1 Service" [stack: 0x000000750c900000,0x000000750ca00000] [id=21152]

Threads with active compile tasks:
C2 CompilerThread0  8863300 3300   !   4       jdk.internal.loader.BuiltinClassLoader::findResource (154 bytes)

VM state: not at safepoint (normal execution)

VM Mutex/Monitor currently owned by a thread: None

Heap address: 0x000000070a600000, size: 3930 MB, Compressed Oops mode: Zero based, Oop shift amount: 3

CDS archive(s) mapped at: [0x0000000800000000-0x0000000800c40000-0x0000000800c40000), size 12845056, SharedBaseAddress: 0x0000000800000000, ArchiveRelocationMode: 0.
Compressed class space mapped at: 0x0000000801000000-0x0000000841000000, reserved size: 1073741824
Narrow klass base: 0x0000000800000000, Narrow klass shift: 0, Narrow klass range: 0x100000000

GC Precious Log:
 CardTable entry size: 512
 Card Set container configuration: InlinePtr #cards 4 size 8 Array Of Cards #cards 16 size 48 Howl #buckets 8 coarsen threshold 3686 Howl Bitmap #cards 512 size 80 coarsen threshold 460 Card regions per heap region 1 cards per card region 4096
 CPUs: 12 total, 12 available
 Memory: 15712M
 Large Page Support: Disabled
 NUMA Support: Disabled
 Compressed Oops: Enabled (Zero based)
 Heap Region Size: 2M
 Heap Min Capacity: 8M
 Heap Initial Capacity: 246M
 Heap Max Capacity: 3930M
 Pre-touch: Disabled
 Parallel Workers: 10
 Concurrent Workers: 3
 Concurrent Refinement Workers: 10
 Periodic GC: Disabled

Heap:
 garbage-first heap   total 251904K, used 7009K [0x000000070a600000, 0x0000000800000000)
  region size 2048K, 2 young (4096K), 1 survivors (2048K)
 Metaspace       used 18654K, committed 18880K, reserved 1114112K
  class space    used 1928K, committed 2048K, reserved 1048576K

Heap Regions: E=young(eden), S=young(survivor), O=old, HS=humongous(starts), HC=humongous(continues), CS=collection set, F=free, OA=open archive, CA=closed archive, TAMS=top-at-mark-start (previous, next)
|   0|0x000000070a600000, 0x000000070a800000, 0x000000070a800000|100%| O|  |TAMS 0x000000070a600000, 0x000000070a600000| Untracked 
|   1|0x000000070a800000, 0x000000070aa00000, 0x000000070aa00000|100%| O|  |TAMS 0x000000070a800000, 0x000000070a800000| Untracked 
|   2|0x000000070aa00000, 0x000000070ab89e00, 0x000000070ac00000| 76%| O|  |TAMS 0x000000070aa00000, 0x000000070aa00000| Untracked 
|   3|0x000000070ac00000, 0x000000070ac00000, 0x000000070ae00000|  0%| F|  |TAMS 0x000000070ac00000, 0x000000070ac00000| Untracked 
|   4|0x000000070ae00000, 0x000000070ae00000, 0x000000070b000000|  0%| F|  |TAMS 0x000000070ae00000, 0x000000070ae00000| Untracked 
|   5|0x000000070b000000, 0x000000070b000000, 0x000000070b200000|  0%| F|  |TAMS 0x000000070b000000, 0x000000070b000000| Untracked 
|   6|0x000000070b200000, 0x000000070b200000, 0x000000070b400000|  0%| F|  |TAMS 0x000000070b200000, 0x000000070b200000| Untracked 
|   7|0x000000070b400000, 0x000000070b400000, 0x000000070b600000|  0%| F|  |TAMS 0x000000070b400000, 0x000000070b400000| Untracked 
|   8|0x000000070b600000, 0x000000070b600000, 0x000000070b800000|  0%| F|  |TAMS 0x000000070b600000, 0x000000070b600000| Untracked 
|   9|0x000000070b800000, 0x000000070b800000, 0x000000070ba00000|  0%| F|  |TAMS 0x000000070b800000, 0x000000070b800000| Untracked 
|  10|0x000000070ba00000, 0x000000070ba00000, 0x000000070bc00000|  0%| F|  |TAMS 0x000000070ba00000, 0x000000070ba00000| Untracked 
|  11|0x000000070bc00000, 0x000000070bc00000, 0x000000070be00000|  0%| F|  |TAMS 0x000000070bc00000, 0x000000070bc00000| Untracked 
|  12|0x000000070be00000, 0x000000070be00000, 0x000000070c000000|  0%| F|  |TAMS 0x000000070be00000, 0x000000070be00000| Untracked 
|  13|0x000000070c000000, 0x000000070c000000, 0x000000070c200000|  0%| F|  |TAMS 0x000000070c000000, 0x000000070c000000| Untracked 
|  14|0x000000070c200000, 0x000000070c200000, 0x000000070c400000|  0%| F|  |TAMS 0x000000070c200000, 0x000000070c200000| Untracked 
|  15|0x000000070c400000, 0x000000070c400000, 0x000000070c600000|  0%| F|  |TAMS 0x000000070c400000, 0x000000070c400000| Untracked 
|  16|0x000000070c600000, 0x000000070c600000, 0x000000070c800000|  0%| F|  |TAMS 0x000000070c600000, 0x000000070c600000| Untracked 
|  17|0x000000070c800000, 0x000000070c800000, 0x000000070ca00000|  0%| F|  |TAMS 0x000000070c800000, 0x000000070c800000| Untracked 
|  18|0x000000070ca00000, 0x000000070ca00000, 0x000000070cc00000|  0%| F|  |TAMS 0x000000070ca00000, 0x000000070ca00000| Untracked 
|  19|0x000000070cc00000, 0x000000070cc00000, 0x000000070ce00000|  0%| F|  |TAMS 0x000000070cc00000, 0x000000070cc00000| Untracked 
|  20|0x000000070ce00000, 0x000000070ce00000, 0x000000070d000000|  0%| F|  |TAMS 0x000000070ce00000, 0x000000070ce00000| Untracked 
|  21|0x000000070d000000, 0x000000070d000000, 0x000000070d200000|  0%| F|  |TAMS 0x000000070d000000, 0x000000070d000000| Untracked 
|  22|0x000000070d200000, 0x000000070d200000, 0x000000070d400000|  0%| F|  |TAMS 0x000000070d200000, 0x000000070d200000| Untracked 
|  23|0x000000070d400000, 0x000000070d400000, 0x000000070d600000|  0%| F|  |TAMS 0x000000070d400000, 0x000000070d400000| Untracked 
|  24|0x000000070d600000, 0x000000070d600000, 0x000000070d800000|  0%| F|  |TAMS 0x000000070d600000, 0x000000070d600000| Untracked 
|  25|0x000000070d800000, 0x000000070d800000, 0x000000070da00000|  0%| F|  |TAMS 0x000000070d800000, 0x000000070d800000| Untracked 
|  26|0x000000070da00000, 0x000000070da00000, 0x000000070dc00000|  0%| F|  |TAMS 0x000000070da00000, 0x000000070da00000| Untracked 
|  27|0x000000070dc00000, 0x000000070dc00000, 0x000000070de00000|  0%| F|  |TAMS 0x000000070dc00000, 0x000000070dc00000| Untracked 
|  28|0x000000070de00000, 0x000000070de00000, 0x000000070e000000|  0%| F|  |TAMS 0x000000070de00000, 0x000000070de00000| Untracked 
|  29|0x000000070e000000, 0x000000070e000000, 0x000000070e200000|  0%| F|  |TAMS 0x000000070e000000, 0x000000070e000000| Untracked 
|  30|0x000000070e200000, 0x000000070e200000, 0x000000070e400000|  0%| F|  |TAMS 0x000000070e200000, 0x000000070e200000| Untracked 
|  31|0x000000070e400000, 0x000000070e400000, 0x000000070e600000|  0%| F|  |TAMS 0x000000070e400000, 0x000000070e400000| Untracked 
|  32|0x000000070e600000, 0x000000070e600000, 0x000000070e800000|  0%| F|  |TAMS 0x000000070e600000, 0x000000070e600000| Untracked 
|  33|0x000000070e800000, 0x000000070e800000, 0x000000070ea00000|  0%| F|  |TAMS 0x000000070e800000, 0x000000070e800000| Untracked 
|  34|0x000000070ea00000, 0x000000070ea00000, 0x000000070ec00000|  0%| F|  |TAMS 0x000000070ea00000, 0x000000070ea00000| Untracked 
|  35|0x000000070ec00000, 0x000000070ec00000, 0x000000070ee00000|  0%| F|  |TAMS 0x000000070ec00000, 0x000000070ec00000| Untracked 
|  36|0x000000070ee00000, 0x000000070ee00000, 0x000000070f000000|  0%| F|  |TAMS 0x000000070ee00000, 0x000000070ee00000| Untracked 
|  37|0x000000070f000000, 0x000000070f000000, 0x000000070f200000|  0%| F|  |TAMS 0x000000070f000000, 0x000000070f000000| Untracked 
|  38|0x000000070f200000, 0x000000070f200000, 0x000000070f400000|  0%| F|  |TAMS 0x000000070f200000, 0x000000070f200000| Untracked 
|  39|0x000000070f400000, 0x000000070f400000, 0x000000070f600000|  0%| F|  |TAMS 0x000000070f400000, 0x000000070f400000| Untracked 
|  40|0x000000070f600000, 0x000000070f600000, 0x000000070f800000|  0%| F|  |TAMS 0x000000070f600000, 0x000000070f600000| Untracked 
|  41|0x000000070f800000, 0x000000070f800000, 0x000000070fa00000|  0%| F|  |TAMS 0x000000070f800000, 0x000000070f800000| Untracked 
|  42|0x000000070fa00000, 0x000000070fa00000, 0x000000070fc00000|  0%| F|  |TAMS 0x000000070fa00000, 0x000000070fa00000| Untracked 
|  43|0x000000070fc00000, 0x000000070fc00000, 0x000000070fe00000|  0%| F|  |TAMS 0x000000070fc00000, 0x000000070fc00000| Untracked 
|  44|0x000000070fe00000, 0x000000070fe00000, 0x0000000710000000|  0%| F|  |TAMS 0x000000070fe00000, 0x000000070fe00000| Untracked 
|  45|0x0000000710000000, 0x0000000710000000, 0x0000000710200000|  0%| F|  |TAMS 0x0000000710000000, 0x0000000710000000| Untracked 
|  46|0x0000000710200000, 0x0000000710200000, 0x0000000710400000|  0%| F|  |TAMS 0x0000000710200000, 0x0000000710200000| Untracked 
|  47|0x0000000710400000, 0x0000000710400000, 0x0000000710600000|  0%| F|  |TAMS 0x0000000710400000, 0x0000000710400000| Untracked 
|  48|0x0000000710600000, 0x0000000710600000, 0x0000000710800000|  0%| F|  |TAMS 0x0000000710600000, 0x0000000710600000| Untracked 
|  49|0x0000000710800000, 0x0000000710800000, 0x0000000710a00000|  0%| F|  |TAMS 0x0000000710800000, 0x0000000710800000| Untracked 
|  50|0x0000000710a00000, 0x0000000710a00000, 0x0000000710c00000|  0%| F|  |TAMS 0x0000000710a00000, 0x0000000710a00000| Untracked 
|  51|0x0000000710c00000, 0x0000000710c00000, 0x0000000710e00000|  0%| F|  |TAMS 0x0000000710c00000, 0x0000000710c00000| Untracked 
|  52|0x0000000710e00000, 0x0000000710e00000, 0x0000000711000000|  0%| F|  |TAMS 0x0000000710e00000, 0x0000000710e00000| Untracked 
|  53|0x0000000711000000, 0x0000000711000000, 0x0000000711200000|  0%| F|  |TAMS 0x0000000711000000, 0x0000000711000000| Untracked 
|  54|0x0000000711200000, 0x0000000711200000, 0x0000000711400000|  0%| F|  |TAMS 0x0000000711200000, 0x0000000711200000| Untracked 
|  55|0x0000000711400000, 0x0000000711400000, 0x0000000711600000|  0%| F|  |TAMS 0x0000000711400000, 0x0000000711400000| Untracked 
|  56|0x0000000711600000, 0x0000000711600000, 0x0000000711800000|  0%| F|  |TAMS 0x0000000711600000, 0x0000000711600000| Untracked 
|  57|0x0000000711800000, 0x0000000711800000, 0x0000000711a00000|  0%| F|  |TAMS 0x0000000711800000, 0x0000000711800000| Untracked 
|  58|0x0000000711a00000, 0x0000000711a00000, 0x0000000711c00000|  0%| F|  |TAMS 0x0000000711a00000, 0x0000000711a00000| Untracked 
|  59|0x0000000711c00000, 0x0000000711c00000, 0x0000000711e00000|  0%| F|  |TAMS 0x0000000711c00000, 0x0000000711c00000| Untracked 
|  60|0x0000000711e00000, 0x0000000711e00000, 0x0000000712000000|  0%| F|  |TAMS 0x0000000711e00000, 0x0000000711e00000| Untracked 
|  61|0x0000000712000000, 0x0000000712000000, 0x0000000712200000|  0%| F|  |TAMS 0x0000000712000000, 0x0000000712000000| Untracked 
|  62|0x0000000712200000, 0x0000000712200000, 0x0000000712400000|  0%| F|  |TAMS 0x0000000712200000, 0x0000000712200000| Untracked 
|  63|0x0000000712400000, 0x0000000712400000, 0x0000000712600000|  0%| F|  |TAMS 0x0000000712400000, 0x0000000712400000| Untracked 
|  64|0x0000000712600000, 0x0000000712600000, 0x0000000712800000|  0%| F|  |TAMS 0x0000000712600000, 0x0000000712600000| Untracked 
|  65|0x0000000712800000, 0x0000000712800000, 0x0000000712a00000|  0%| F|  |TAMS 0x0000000712800000, 0x0000000712800000| Untracked 
|  66|0x0000000712a00000, 0x0000000712a00000, 0x0000000712c00000|  0%| F|  |TAMS 0x0000000712a00000, 0x0000000712a00000| Untracked 
|  67|0x0000000712c00000, 0x0000000712c00000, 0x0000000712e00000|  0%| F|  |TAMS 0x0000000712c00000, 0x0000000712c00000| Untracked 
|  68|0x0000000712e00000, 0x0000000712e00000, 0x0000000713000000|  0%| F|  |TAMS 0x0000000712e00000, 0x0000000712e00000| Untracked 
|  69|0x0000000713000000, 0x0000000713000000, 0x0000000713200000|  0%| F|  |TAMS 0x0000000713000000, 0x0000000713000000| Untracked 
|  70|0x0000000713200000, 0x0000000713200000, 0x0000000713400000|  0%| F|  |TAMS 0x0000000713200000, 0x0000000713200000| Untracked 
|  71|0x0000000713400000, 0x0000000713400000, 0x0000000713600000|  0%| F|  |TAMS 0x0000000713400000, 0x0000000713400000| Untracked 
|  72|0x0000000713600000, 0x0000000713600000, 0x0000000713800000|  0%| F|  |TAMS 0x0000000713600000, 0x0000000713600000| Untracked 
|  73|0x0000000713800000, 0x0000000713800000, 0x0000000713a00000|  0%| F|  |TAMS 0x0000000713800000, 0x0000000713800000| Untracked 
|  74|0x0000000713a00000, 0x0000000713a00000, 0x0000000713c00000|  0%| F|  |TAMS 0x0000000713a00000, 0x0000000713a00000| Untracked 
|  75|0x0000000713c00000, 0x0000000713c00000, 0x0000000713e00000|  0%| F|  |TAMS 0x0000000713c00000, 0x0000000713c00000| Untracked 
|  76|0x0000000713e00000, 0x0000000713e00000, 0x0000000714000000|  0%| F|  |TAMS 0x0000000713e00000, 0x0000000713e00000| Untracked 
|  77|0x0000000714000000, 0x0000000714000000, 0x0000000714200000|  0%| F|  |TAMS 0x0000000714000000, 0x0000000714000000| Untracked 
|  78|0x0000000714200000, 0x0000000714200000, 0x0000000714400000|  0%| F|  |TAMS 0x0000000714200000, 0x0000000714200000| Untracked 
|  79|0x0000000714400000, 0x0000000714400000, 0x0000000714600000|  0%| F|  |TAMS 0x0000000714400000, 0x0000000714400000| Untracked 
|  80|0x0000000714600000, 0x0000000714600000, 0x0000000714800000|  0%| F|  |TAMS 0x0000000714600000, 0x0000000714600000| Untracked 
|  81|0x0000000714800000, 0x0000000714800000, 0x0000000714a00000|  0%| F|  |TAMS 0x0000000714800000, 0x0000000714800000| Untracked 
|  82|0x0000000714a00000, 0x0000000714a00000, 0x0000000714c00000|  0%| F|  |TAMS 0x0000000714a00000, 0x0000000714a00000| Untracked 
|  83|0x0000000714c00000, 0x0000000714c00000, 0x0000000714e00000|  0%| F|  |TAMS 0x0000000714c00000, 0x0000000714c00000| Untracked 
|  84|0x0000000714e00000, 0x0000000714e00000, 0x0000000715000000|  0%| F|  |TAMS 0x0000000714e00000, 0x0000000714e00000| Untracked 
|  85|0x0000000715000000, 0x0000000715000000, 0x0000000715200000|  0%| F|  |TAMS 0x0000000715000000, 0x0000000715000000| Untracked 
|  86|0x0000000715200000, 0x0000000715200000, 0x0000000715400000|  0%| F|  |TAMS 0x0000000715200000, 0x0000000715200000| Untracked 
|  87|0x0000000715400000, 0x0000000715400000, 0x0000000715600000|  0%| F|  |TAMS 0x0000000715400000, 0x0000000715400000| Untracked 
|  88|0x0000000715600000, 0x0000000715600000, 0x0000000715800000|  0%| F|  |TAMS 0x0000000715600000, 0x0000000715600000| Untracked 
|  89|0x0000000715800000, 0x0000000715800000, 0x0000000715a00000|  0%| F|  |TAMS 0x0000000715800000, 0x0000000715800000| Untracked 
|  90|0x0000000715a00000, 0x0000000715a00000, 0x0000000715c00000|  0%| F|  |TAMS 0x0000000715a00000, 0x0000000715a00000| Untracked 
|  91|0x0000000715c00000, 0x0000000715c00000, 0x0000000715e00000|  0%| F|  |TAMS 0x0000000715c00000, 0x0000000715c00000| Untracked 
|  92|0x0000000715e00000, 0x0000000715e00000, 0x0000000716000000|  0%| F|  |TAMS 0x0000000715e00000, 0x0000000715e00000| Untracked 
|  93|0x0000000716000000, 0x0000000716000000, 0x0000000716200000|  0%| F|  |TAMS 0x0000000716000000, 0x0000000716000000| Untracked 
|  94|0x0000000716200000, 0x0000000716200000, 0x0000000716400000|  0%| F|  |TAMS 0x0000000716200000, 0x0000000716200000| Untracked 
|  95|0x0000000716400000, 0x0000000716400000, 0x0000000716600000|  0%| F|  |TAMS 0x0000000716400000, 0x0000000716400000| Untracked 
|  96|0x0000000716600000, 0x0000000716600000, 0x0000000716800000|  0%| F|  |TAMS 0x0000000716600000, 0x0000000716600000| Untracked 
|  97|0x0000000716800000, 0x0000000716800000, 0x0000000716a00000|  0%| F|  |TAMS 0x0000000716800000, 0x0000000716800000| Untracked 
|  98|0x0000000716a00000, 0x0000000716a00000, 0x0000000716c00000|  0%| F|  |TAMS 0x0000000716a00000, 0x0000000716a00000| Untracked 
|  99|0x0000000716c00000, 0x0000000716c00000, 0x0000000716e00000|  0%| F|  |TAMS 0x0000000716c00000, 0x0000000716c00000| Untracked 
| 100|0x0000000716e00000, 0x0000000716e00000, 0x0000000717000000|  0%| F|  |TAMS 0x0000000716e00000, 0x0000000716e00000| Untracked 
| 101|0x0000000717000000, 0x0000000717000000, 0x0000000717200000|  0%| F|  |TAMS 0x0000000717000000, 0x0000000717000000| Untracked 
| 102|0x0000000717200000, 0x0000000717200000, 0x0000000717400000|  0%| F|  |TAMS 0x0000000717200000, 0x0000000717200000| Untracked 
| 103|0x0000000717400000, 0x0000000717400000, 0x0000000717600000|  0%| F|  |TAMS 0x0000000717400000, 0x0000000717400000| Untracked 
| 104|0x0000000717600000, 0x0000000717600000, 0x0000000717800000|  0%| F|  |TAMS 0x0000000717600000, 0x0000000717600000| Untracked 
| 105|0x0000000717800000, 0x0000000717800000, 0x0000000717a00000|  0%| F|  |TAMS 0x0000000717800000, 0x0000000717800000| Untracked 
| 106|0x0000000717a00000, 0x0000000717a00000, 0x0000000717c00000|  0%| F|  |TAMS 0x0000000717a00000, 0x0000000717a00000| Untracked 
| 107|0x0000000717c00000, 0x0000000717c00000, 0x0000000717e00000|  0%| F|  |TAMS 0x0000000717c00000, 0x0000000717c00000| Untracked 
| 108|0x0000000717e00000, 0x0000000717f4e6b8, 0x0000000718000000| 65%| S|CS|TAMS 0x0000000717e00000, 0x0000000717e00000| Complete 
| 109|0x0000000718000000, 0x0000000718000000, 0x0000000718200000|  0%| F|  |TAMS 0x0000000718000000, 0x0000000718000000| Untracked 
| 110|0x0000000718200000, 0x0000000718200000, 0x0000000718400000|  0%| F|  |TAMS 0x0000000718200000, 0x0000000718200000| Untracked 
| 111|0x0000000718400000, 0x0000000718400000, 0x0000000718600000|  0%| F|  |TAMS 0x0000000718400000, 0x0000000718400000| Untracked 
| 112|0x0000000718600000, 0x0000000718600000, 0x0000000718800000|  0%| F|  |TAMS 0x0000000718600000, 0x0000000718600000| Untracked 
| 113|0x0000000718800000, 0x0000000718800000, 0x0000000718a00000|  0%| F|  |TAMS 0x0000000718800000, 0x0000000718800000| Untracked 
| 114|0x0000000718a00000, 0x0000000718a00000, 0x0000000718c00000|  0%| F|  |TAMS 0x0000000718a00000, 0x0000000718a00000| Untracked 
| 115|0x0000000718c00000, 0x0000000718c00000, 0x0000000718e00000|  0%| F|  |TAMS 0x0000000718c00000, 0x0000000718c00000| Untracked 
| 116|0x0000000718e00000, 0x0000000718e00000, 0x0000000719000000|  0%| F|  |TAMS 0x0000000718e00000, 0x0000000718e00000| Untracked 
| 117|0x0000000719000000, 0x0000000719000000, 0x0000000719200000|  0%| F|  |TAMS 0x0000000719000000, 0x0000000719000000| Untracked 
| 118|0x0000000719200000, 0x0000000719200000, 0x0000000719400000|  0%| F|  |TAMS 0x0000000719200000, 0x0000000719200000| Untracked 
| 119|0x0000000719400000, 0x0000000719400000, 0x0000000719600000|  0%| F|  |TAMS 0x0000000719400000, 0x0000000719400000| Untracked 
| 120|0x0000000719600000, 0x0000000719600000, 0x0000000719800000|  0%| F|  |TAMS 0x0000000719600000, 0x0000000719600000| Untracked 
| 121|0x0000000719800000, 0x0000000719800000, 0x0000000719a00000|  0%| F|  |TAMS 0x0000000719800000, 0x0000000719800000| Untracked 
| 122|0x0000000719a00000, 0x0000000719b76980, 0x0000000719c00000| 73%| E|  |TAMS 0x0000000719a00000, 0x0000000719a00000| Complete 

Card table byte_map: [0x000002579b120000,0x000002579b8d0000] _byte_map_base: 0x00000257978cd000

Marking Bits (Prev, Next): (CMBitMap*) 0x0000025782d996a0, (CMBitMap*) 0x0000025782d996e0
 Prev Bits: [0x000002579c080000, 0x000002579fde8000)
 Next Bits: [0x000002579fdf0000, 0x00000257a3b58000)

Polling page: 0x0000025781460000

Metaspace:

Usage:
  Non-class:     16.33 MB used.
      Class:      1.88 MB used.
       Both:     18.22 MB used.

Virtual space:
  Non-class space:       64.00 MB reserved,      16.44 MB ( 26%) committed,  1 nodes.
      Class space:        1.00 GB reserved,       2.00 MB ( <1%) committed,  1 nodes.
             Both:        1.06 GB reserved,      18.44 MB (  2%) committed. 

Chunk freelists:
   Non-Class:  2.89 MB
       Class:  2.01 MB
        Both:  4.90 MB

MaxMetaspaceSize: unlimited
CompressedClassSpaceSize: 1.00 GB
Initial GC threshold: 21.00 MB
Current GC threshold: 21.00 MB
CDS: on
MetaspaceReclaimPolicy: balanced
 - commit_granule_bytes: 65536.
 - commit_granule_words: 8192.
 - virtual_space_node_default_size: 8388608.
 - enlarge_chunks_in_place: 1.
 - new_chunks_are_fully_committed: 0.
 - uncommit_free_chunks: 1.
 - use_allocation_guard: 0.


Internal statistics:

num_allocs_failed_limit: 0.
num_arena_births: 198.
num_arena_deaths: 0.
num_vsnodes_births: 2.
num_vsnodes_deaths: 0.
num_space_committed: 295.
num_space_uncommitted: 0.
num_chunks_returned_to_freelist: 0.
num_chunks_taken_from_freelist: 384.
num_chunk_merges: 0.
num_chunk_splits: 252.
num_chunks_enlarged: 168.
num_inconsistent_stats: 0.

CodeHeap 'non-profiled nmethods': size=120000Kb used=1231Kb max_used=1231Kb free=118768Kb
 bounds [0x00000257927b0000, 0x0000025792a20000, 0x0000025799ce0000]
CodeHeap 'profiled nmethods': size=120000Kb used=6564Kb max_used=6564Kb free=113435Kb
 bounds [0x000002578ace0000, 0x000002578b350000, 0x0000025792210000]
CodeHeap 'non-nmethods': size=5760Kb used=1472Kb max_used=1510Kb free=4287Kb
 bounds [0x0000025792210000, 0x0000025792480000, 0x00000257927b0000]
 total_blobs=4032 nmethods=3299 adapters=643
 compilation: enabled
              stopped_count=0, restarted_count=0
 full_count=0

Compilation events (20 events):
Event: 8135.092 Thread 0x00000257aa93ad10 nmethod 3290 0x000002578b345390 code [0x000002578b345540, 0x000002578b345738]
Event: 8135.096 Thread 0x00000257aa93ad10 3291       3       com.sun.crypto.provider.GaloisCounterMode::checkReInit (19 bytes)
Event: 8135.097 Thread 0x00000257aa93ad10 nmethod 3291 0x000002578b345810 code [0x000002578b3459c0, 0x000002578b345ba8]
Event: 8135.099 Thread 0x00000257aa9310a0 3292       4       sun.security.ssl.TransportContext::isInboundClosed (8 bytes)
Event: 8135.100 Thread 0x00000257aa93ad10 3293       3       java.net.Socket::getImpl (17 bytes)
Event: 8135.100 Thread 0x00000257aa9310a0 nmethod 3292 0x00000257928e2910 code [0x00000257928e2aa0, 0x00000257928e2b38]
Event: 8135.101 Thread 0x00000257aa93ad10 nmethod 3293 0x000002578b345c90 code [0x000002578b345e40, 0x000002578b346068]
Event: 8135.102 Thread 0x00000257aa93ad10 3294   !   3       java.net.Socket$SocketOutputStream::write (54 bytes)
Event: 8135.103 Thread 0x00000257aa93ad10 nmethod 3294 0x000002578b346110 code [0x000002578b346300, 0x000002578b3469e8]
Event: 8135.103 Thread 0x00000257aa93ad10 3296   !   3       java.nio.ByteBuffer::putArray (122 bytes)
Event: 8135.105 Thread 0x00000257aa93ad10 nmethod 3296 0x000002578b346c10 code [0x000002578b346ea0, 0x000002578b347ab8]
Event: 8135.105 Thread 0x00000257aa93ad10 3295       3       sun.nio.ch.NioSocketImpl$2::write (11 bytes)
Event: 8135.105 Thread 0x00000257aa93ad10 nmethod 3295 0x000002578b348110 code [0x000002578b3482c0, 0x000002578b348408]
Event: 8671.012 Thread 0x00000257aa93ad10 3297   !   3       java.awt.Toolkit::setDesktopProperty (81 bytes)
Event: 8671.013 Thread 0x00000257aa93ad10 nmethod 3297 0x000002578b348510 code [0x000002578b348720, 0x000002578b348f88]
Event: 8811.113 Thread 0x00000257aa9310a0 3298       4       jdk.internal.module.Resources::toPackageName (39 bytes)
Event: 8811.119 Thread 0x00000257aa9310a0 nmethod 3298 0x00000257928e2c10 code [0x00000257928e2da0, 0x00000257928e2f78]
Event: 8836.146 Thread 0x00000257aa9310a0 3299   !   4       jdk.internal.loader.BuiltinClassLoader::findMiscResource (122 bytes)
Event: 8836.156 Thread 0x00000257aa9310a0 nmethod 3299 0x00000257928e3110 code [0x00000257928e32e0, 0x00000257928e3788]
Event: 8856.180 Thread 0x00000257aa9310a0 3300   !   4       jdk.internal.loader.BuiltinClassLoader::findResource (154 bytes)

GC Heap History (4 events):
Event: 10.778 GC heap before
{Heap before GC invocations=0 (full 0):
 garbage-first heap   total 251904K, used 22528K [0x000000070a600000, 0x0000000800000000)
  region size 2048K, 11 young (22528K), 0 survivors (0K)
 Metaspace       used 17281K, committed 17472K, reserved 1114112K
  class space    used 1890K, committed 1984K, reserved 1048576K
}
Event: 10.791 GC heap after
{Heap after GC invocations=1 (full 0):
 garbage-first heap   total 251904K, used 5559K [0x000000070a600000, 0x0000000800000000)
  region size 2048K, 2 young (4096K), 2 survivors (4096K)
 Metaspace       used 17281K, committed 17472K, reserved 1114112K
  class space    used 1890K, committed 1984K, reserved 1048576K
}
Event: 8135.042 GC heap before
{Heap before GC invocations=1 (full 0):
 garbage-first heap   total 251904K, used 30135K [0x000000070a600000, 0x0000000800000000)
  region size 2048K, 14 young (28672K), 2 survivors (4096K)
 Metaspace       used 18628K, committed 18880K, reserved 1114112K
  class space    used 1925K, committed 2048K, reserved 1048576K
}
Event: 8135.070 GC heap after
{Heap after GC invocations=2 (full 0):
 garbage-first heap   total 251904K, used 7009K [0x000000070a600000, 0x0000000800000000)
  region size 2048K, 1 young (2048K), 1 survivors (2048K)
 Metaspace       used 18628K, committed 18880K, reserved 1114112K
  class space    used 1925K, committed 2048K, reserved 1048576K
}

Dll operation events (11 events):
Event: 0.019 Loaded shared library C:\Program Files\Java\jdk-19\bin\java.dll
Event: 0.035 Loaded shared library C:\Program Files\Java\jdk-19\bin\jsvml.dll
Event: 0.123 Loaded shared library C:\Program Files\Java\jdk-19\bin\net.dll
Event: 0.127 Loaded shared library C:\Program Files\Java\jdk-19\bin\nio.dll
Event: 0.167 Loaded shared library C:\Program Files\Java\jdk-19\bin\zip.dll
Event: 0.186 Loaded shared library C:\Program Files\Java\jdk-19\bin\jimage.dll
Event: 0.211 Loaded shared library C:\Program Files\Java\jdk-19\bin\awt.dll
Event: 0.804 Loaded shared library C:\Program Files\Java\jdk-19\bin\freetype.dll
Event: 0.805 Loaded shared library C:\Program Files\Java\jdk-19\bin\fontmanager.dll
Event: 10.130 Loaded shared library C:\Program Files\Java\jdk-19\bin\extnet.dll
Event: 10.497 Loaded shared library C:\Program Files\Java\jdk-19\bin\sunmscapi.dll

Deoptimization events (20 events):
Event: 143.169 Thread 0x00000257ab631de0 DEOPT PACKING pc=0x00000257928a8a54 sp=0x000000750e6fe0a0
Event: 143.169 Thread 0x00000257ab631de0 DEOPT UNPACKING pc=0x0000025792276da3 sp=0x000000750e6fe078 mode 2
Event: 143.188 Thread 0x00000257ab631de0 Uncommon trap: trap_request=0xffffff45 fr.pc=0x00000257928c3cac relative=0x000000000000294c
Event: 143.188 Thread 0x00000257ab631de0 Uncommon trap: reason=unstable_if action=reinterpret pc=0x00000257928c3cac method=java.awt.EventQueue.getPriority(Ljava/awt/AWTEvent;)I @ 4 c2
Event: 143.188 Thread 0x00000257ab631de0 DEOPT PACKING pc=0x00000257928c3cac sp=0x000000750e6fed80
Event: 143.188 Thread 0x00000257ab631de0 DEOPT UNPACKING pc=0x0000025792276da3 sp=0x000000750e6fec38 mode 2
Event: 143.188 Thread 0x00000257ab631de0 Uncommon trap: trap_request=0xffffff45 fr.pc=0x00000257928c8728 relative=0x0000000000000088
Event: 143.188 Thread 0x00000257ab631de0 Uncommon trap: reason=unstable_if action=reinterpret pc=0x00000257928c8728 method=java.awt.EventQueue.eventToCacheIndex(Ljava/awt/AWTEvent;)I @ 71 c2
Event: 143.188 Thread 0x00000257ab631de0 DEOPT PACKING pc=0x00000257928c8728 sp=0x000000750e6feb70
Event: 143.188 Thread 0x00000257ab631de0 DEOPT UNPACKING pc=0x0000025792276da3 sp=0x000000750e6feb08 mode 2
Event: 271.098 Thread 0x00000257aaa48580 Uncommon trap: trap_request=0xffffffcc fr.pc=0x00000257928d8ec8 relative=0x0000000000000328
Event: 271.098 Thread 0x00000257aaa48580 Uncommon trap: reason=intrinsic_or_type_checked_inlining action=make_not_entrant pc=0x00000257928d8ec8 method=java.util.Arrays.copyOf([Ljava/lang/Object;ILjava/lang/Class;)[Ljava/lang/Object; @ 35 c2
Event: 271.098 Thread 0x00000257aaa48580 DEOPT PACKING pc=0x00000257928d8ec8 sp=0x000000750e8ff4a0
Event: 271.098 Thread 0x00000257aaa48580 DEOPT UNPACKING pc=0x0000025792276da3 sp=0x000000750e8ff430 mode 2
Event: 464.788 Thread 0x00000257aaa48580 Uncommon trap: trap_request=0xffffffdc fr.pc=0x00000257928da144 relative=0x00000000000001a4
Event: 464.788 Thread 0x00000257aaa48580 Uncommon trap: reason=class_check action=make_not_entrant pc=0x00000257928da144 method=java.util.ArrayList.toArray([Ljava/lang/Object;)[Ljava/lang/Object; @ 21 c2
Event: 464.788 Thread 0x00000257aaa48580 DEOPT PACKING pc=0x00000257928da144 sp=0x000000750e8ff500
Event: 464.788 Thread 0x00000257aaa48580 DEOPT UNPACKING pc=0x0000025792276da3 sp=0x000000750e8ff4c0 mode 2
Event: 5908.925 Thread 0x00000257aaa48580 DEOPT PACKING pc=0x000002578b33fc07 sp=0x000000750e8ff4b0
Event: 5908.926 Thread 0x00000257aaa48580 DEOPT UNPACKING pc=0x0000025792277543 sp=0x000000750e8fea40 mode 0

Classes loaded (20 events):
Event: 52.753 Loading class sun/nio/cs/UnicodeEncoder done
Event: 52.753 Loading class sun/nio/cs/UTF_16$Encoder done
Event: 52.754 Loading class sun/nio/cs/Surrogate$Parser
Event: 52.754 Loading class sun/nio/cs/Surrogate$Parser done
Event: 52.754 Loading class sun/nio/cs/Surrogate
Event: 52.755 Loading class sun/nio/cs/Surrogate done
Event: 78.270 Loading class javax/swing/text/DefaultHighlighter$LayeredHighlightInfo
Event: 78.270 Loading class javax/swing/text/DefaultHighlighter$HighlightInfo
Event: 78.270 Loading class javax/swing/text/DefaultHighlighter$HighlightInfo done
Event: 78.270 Loading class javax/swing/text/DefaultHighlighter$LayeredHighlightInfo done
Event: 143.169 Loading class java/awt/KeyboardFocusManager$2
Event: 143.169 Loading class java/awt/KeyboardFocusManager$2 done
Event: 143.169 Loading class sun/awt/SunToolkit$1
Event: 143.169 Loading class sun/awt/SunToolkit$1 done
Event: 8135.075 Loading class sun/security/ssl/Alert
Event: 8135.080 Loading class sun/security/ssl/Alert done
Event: 8135.081 Loading class sun/security/ssl/Alert$AlertConsumer
Event: 8135.082 Loading class sun/security/ssl/Alert$AlertConsumer done
Event: 8135.082 Loading class sun/security/ssl/Alert$Level
Event: 8135.082 Loading class sun/security/ssl/Alert$Level done

Classes unloaded (0 events):
No events

Classes redefined (0 events):
No events

Internal exceptions (20 events):
Event: 0.311 Thread 0x0000025782d28770 Exception <a 'java/lang/NoSuchMethodError'{0x00000007199da118}: 'java.lang.Object java.lang.invoke.DirectMethodHandle$Holder.invokeStaticInit(java.lang.Object)'> (0x00000007199da118) 
thrown [s\open\src\hotspot\share\interpreter\linkResolver.cpp, line 774]
Event: 0.449 Thread 0x0000025782d28770 Exception <a 'java/lang/NoSuchMethodError'{0x0000000719711b30}: 'void java.lang.invoke.DirectMethodHandle$Holder.invokeSpecial(java.lang.Object, java.lang.Object, java.lang.Object)'> (0x0000000719711b30) 
thrown [s\open\src\hotspot\share\interpreter\linkResolver.cpp, line 774]
Event: 0.462 Thread 0x0000025782d28770 Exception <a 'java/lang/NoSuchMethodError'{0x000000071973c678}: 'java.lang.Object java.lang.invoke.DirectMethodHandle$Holder.newInvokeSpecial(java.lang.Object, java.lang.Object, java.lang.Object, java.lang.Object, java.lang.Object)'> (0x000000071973c678) 
thrown [s\open\src\hotspot\share\interpreter\linkResolver.cpp, line 774]
Event: 0.473 Thread 0x0000025782d28770 Exception <a 'java/lang/NoSuchMethodError'{0x000000071976e200}: 'java.lang.Object java.lang.invoke.DirectMethodHandle$Holder.invokeStatic(java.lang.Object, int, java.lang.Object)'> (0x000000071976e200) 
thrown [s\open\src\hotspot\share\interpreter\linkResolver.cpp, line 774]
Event: 0.521 Thread 0x0000025782d28770 Exception <a 'java/lang/ClassNotFoundException'{0x0000000719429b60}: com/sun/swing/internal/plaf/metal/resources/spi/metalProvider> (0x0000000719429b60) 
thrown [s\open\src\hotspot\share\classfile\systemDictionary.cpp, line 255]
Event: 0.523 Thread 0x0000025782d28770 Exception <a 'java/lang/ClassNotFoundException'{0x000000071942da90}: com/sun/swing/internal/plaf/basic/resources/spi/basicProvider> (0x000000071942da90) 
thrown [s\open\src\hotspot\share\classfile\systemDictionary.cpp, line 255]
Event: 0.536 Thread 0x0000025782d28770 Exception <a 'java/lang/NoSuchMethodError'{0x000000071944d700}: 'int java.lang.invoke.Invokers$Holder.invokeExact_MT(java.lang.Object, java.lang.Object)'> (0x000000071944d700) 
thrown [s\open\src\hotspot\share\interpreter\linkResolver.cpp, line 774]
Event: 0.640 Thread 0x00000257ab59d010 Exception <a 'java/lang/NoSuchMethodError'{0x000000071920cce0}: 'java.lang.Object java.lang.invoke.DirectMethodHandle$Holder.newInvokeSpecial(java.lang.Object, java.lang.Object, java.lang.Object, int, int, int, int, int)'> (0x000000071920cce0) 
thrown [s\open\src\hotspot\share\interpreter\linkResolver.cpp, line 774]
Event: 0.796 Thread 0x0000025782d28770 Exception <a 'java/lang/NoSuchMethodError'{0x000000071931bac8}: 'void java.lang.invoke.DirectMethodHandle$Holder.invokeStaticInit(java.lang.Object)'> (0x000000071931bac8) 
thrown [s\open\src\hotspot\share\interpreter\linkResolver.cpp, line 774]
Event: 0.917 Thread 0x00000257aac9b830 Exception <a 'java/lang/NoSuchMethodError'{0x0000000719681430}: 'void java.lang.invoke.DirectMethodHandle$Holder.invokeVirtual(java.lang.Object, java.lang.Object)'> (0x0000000719681430) 
thrown [s\open\src\hotspot\share\interpreter\linkResolver.cpp, line 774]
Event: 9.945 Thread 0x00000257ab631de0 Exception <a 'java/lang/NoSuchMethodError'{0x0000000718e57930}: 'java.lang.Object java.lang.invoke.DirectMethodHandle$Holder.invokeInterface(java.lang.Object, java.lang.Object)'> (0x0000000718e57930) 
thrown [s\open\src\hotspot\share\interpreter\linkResolver.cpp, line 774]
Event: 9.984 Thread 0x00000257ab631de0 Exception <a 'java/lang/NoSuchMethodError'{0x0000000718ed02b0}: 'void java.lang.invoke.DirectMethodHandle$Holder.invokeStatic(java.lang.Object, java.lang.Object, java.lang.Object)'> (0x0000000718ed02b0) 
thrown [s\open\src\hotspot\share\interpreter\linkResolver.cpp, line 774]
Event: 9.987 Thread 0x00000257ab631de0 Exception <a 'java/lang/NoSuchMethodError'{0x0000000718eda348}: 'java.lang.Object java.lang.invoke.DirectMethodHandle$Holder.invokeVirtual(java.lang.Object, java.lang.Object, java.lang.Object)'> (0x0000000718eda348) 
thrown [s\open\src\hotspot\share\interpreter\linkResolver.cpp, line 774]
Event: 10.132 Thread 0x00000257ab631de0 Exception <a 'java/lang/NoSuchMethodError'{0x0000000718de3548}: 'void java.lang.invoke.DirectMethodHandle$Holder.invokeStatic(java.lang.Object, java.lang.Object)'> (0x0000000718de3548) 
thrown [s\open\src\hotspot\share\interpreter\linkResolver.cpp, line 774]
Event: 10.229 Thread 0x00000257ab631de0 Exception <a 'java/lang/NoSuchMethodError'{0x0000000718b80058}: 'void java.lang.invoke.DirectMethodHandle$Holder.invokeStaticInit(java.lang.Object, java.lang.Object)'> (0x0000000718b80058) 
thrown [s\open\src\hotspot\share\interpreter\linkResolver.cpp, line 774]
Event: 10.315 Thread 0x00000257ab631de0 Exception <a 'sun/nio/fs/WindowsException'{0x00000007188a8c88}> (0x00000007188a8c88) 
thrown [s\open\src\hotspot\share\prims\jni.cpp, line 517]
Event: 10.380 Thread 0x00000257ab631de0 Exception <a 'java/lang/NoSuchMethodError'{0x0000000718960968}: 'java.lang.Object java.lang.invoke.DirectMethodHandle$Holder.invokeStaticInit(java.lang.Object, int, int, int, int)'> (0x0000000718960968) 
thrown [s\open\src\hotspot\share\interpreter\linkResolver.cpp, line 774]
Event: 10.467 Thread 0x00000257ab631de0 Exception <a 'java/lang/NoSuchMethodError'{0x00000007189974f0}: 'java.lang.Object java.lang.invoke.DirectMethodHandle$Holder.invokeStaticInit(java.lang.Object, java.lang.Object, int, int, int, int)'> (0x00000007189974f0) 
thrown [s\open\src\hotspot\share\interpreter\linkResolver.cpp, line 774]
Event: 52.727 Thread 0x00000257ab631de0 Exception <a 'java/lang/NoSuchMethodError'{0x0000000718f7b4e0}: 'void java.lang.invoke.DirectMethodHandle$Holder.invokeSpecial(java.lang.Object, java.lang.Object, java.lang.Object, java.lang.Object, java.lang.Object)'> (0x0000000718f7b4e0) 
thrown [s\open\src\hotspot\share\interpreter\linkResolver.cpp, line 774]
Event: 143.169 Thread 0x00000257ab631de0 Implicit null exception at 0x00000257928a84f9 to 0x00000257928a8a44

VM Operations (20 events):
Event: 440.940 Executing VM operation: Cleanup
Event: 440.940 Executing VM operation: Cleanup done
Event: 538.654 Executing VM operation: Cleanup
Event: 538.654 Executing VM operation: Cleanup done
Event: 626.319 Executing VM operation: Cleanup
Event: 626.319 Executing VM operation: Cleanup done
Event: 1052.347 Executing VM operation: Cleanup
Event: 1052.347 Executing VM operation: Cleanup done
Event: 1187.386 Executing VM operation: Cleanup
Event: 1187.386 Executing VM operation: Cleanup done
Event: 1192.442 Executing VM operation: Cleanup
Event: 1192.442 Executing VM operation: Cleanup done
Event: 5078.495 Executing VM operation: Cleanup
Event: 5078.495 Executing VM operation: Cleanup done
Event: 5509.637 Executing VM operation: Cleanup
Event: 5509.637 Executing VM operation: Cleanup done
Event: 8135.041 Executing VM operation: G1CollectForAllocation
Event: 8135.070 Executing VM operation: G1CollectForAllocation done
Event: 8136.079 Executing VM operation: Cleanup
Event: 8136.080 Executing VM operation: Cleanup done

Events (20 events):
Event: 0.924 Thread 0x0000025782d28770 Thread added: 0x0000025782d28770
Event: 0.951 Thread 0x00000257aaa48580 Thread added: 0x00000257aaa48580
Event: 0.958 Thread 0x00000257ab5d6c50 Thread exited: 0x00000257ab5d6c50
Event: 1.067 Thread 0x00000257ab8d25b0 Thread added: 0x00000257ab8d25b0
Event: 5.714 Thread 0x00000257ab59d010 Thread exited: 0x00000257ab59d010
Event: 9.894 Thread 0x00000257aaa9c9d0 Thread added: 0x00000257aaa9c9d0
Event: 9.966 Thread 0x00000257aab64bd0 Thread added: 0x00000257aab64bd0
Event: 10.490 Thread 0x00000257aab64bd0 Thread exited: 0x00000257aab64bd0
Event: 10.608 Thread 0x00000257b22244b0 Thread added: 0x00000257b22244b0
Event: 10.636 Thread 0x00000257abb1cc60 Thread added: 0x00000257abb1cc60
Event: 11.799 Thread 0x00000257abb1cc60 Thread exited: 0x00000257abb1cc60
Event: 11.799 Thread 0x00000257b22244b0 Thread exited: 0x00000257b22244b0
Event: 14.160 Thread 0x00000257ab90bd30 Thread added: 0x00000257ab90bd30
Event: 14.295 Thread 0x00000257ab90bd30 Thread exited: 0x00000257ab90bd30
Event: 52.631 Thread 0x00000257b2223640 Thread added: 0x00000257b2223640
Event: 52.650 Thread 0x00000257b2645ff0 Thread added: 0x00000257b2645ff0
Event: 53.265 Thread 0x00000257b2645ff0 Thread exited: 0x00000257b2645ff0
Event: 53.266 Thread 0x00000257b2223640 Thread exited: 0x00000257b2223640
Event: 79.399 Thread 0x00000257abb19230 Thread added: 0x00000257abb19230
Event: 79.888 Thread 0x00000257abb19230 Thread exited: 0x00000257abb19230


Dynamic libraries:
0x00007ff6df920000 - 0x00007ff6df930000 	C:\Program Files\Java\jdk-19\bin\java.exe
0x00007ffc12bb0000 - 0x00007ffc12e04000 	C:\WINDOWS\SYSTEM32\ntdll.dll
0x00007ffc10fb0000 - 0x00007ffc11077000 	C:\WINDOWS\System32\KERNEL32.DLL
0x00007ffc10580000 - 0x00007ffc10920000 	C:\WINDOWS\System32\KERNELBASE.dll
0x00007ffc10380000 - 0x00007ffc104ca000 	C:\WINDOWS\System32\ucrtbase.dll
0x00007ffc049a0000 - 0x00007ffc049b8000 	C:\Program Files\Java\jdk-19\bin\jli.dll
0x00007ffbb89d0000 - 0x00007ffbb89eb000 	C:\Program Files\Java\jdk-19\bin\VCRUNTIME140.dll
0x00007ffc124a0000 - 0x00007ffc12552000 	C:\WINDOWS\System32\ADVAPI32.dll
0x00007ffc12640000 - 0x00007ffc126e9000 	C:\WINDOWS\System32\msvcrt.dll
0x00007ffc12a40000 - 0x00007ffc12ae6000 	C:\WINDOWS\System32\sechost.dll
0x00007ffc11c90000 - 0x00007ffc11da9000 	C:\WINDOWS\System32\RPCRT4.dll
0x00007ffc11e30000 - 0x00007ffc11fef000 	C:\WINDOWS\System32\USER32.dll
0x00007ffc102b0000 - 0x00007ffc102d7000 	C:\WINDOWS\System32\win32u.dll
0x00007ffbf5f60000 - 0x00007ffbf61f0000 	C:\WINDOWS\WinSxS\amd64_microsoft.windows.common-controls_6595b64144ccf1df_6.0.26085.1_none_fa4bc89212a99518\COMCTL32.dll
0x00007ffc111c0000 - 0x00007ffc111ea000 	C:\WINDOWS\System32\GDI32.dll
0x00007ffc10180000 - 0x00007ffc102a1000 	C:\WINDOWS\System32\gdi32full.dll
0x00007ffc104d0000 - 0x00007ffc10573000 	C:\WINDOWS\System32\msvcp_win.dll
0x00007ffc09130000 - 0x00007ffc0913b000 	C:\WINDOWS\SYSTEM32\VERSION.dll
0x00007ffc12920000 - 0x00007ffc1294f000 	C:\WINDOWS\System32\IMM32.DLL
0x00007ffbe3ac0000 - 0x00007ffbe3acc000 	C:\Program Files\Java\jdk-19\bin\vcruntime140_1.dll
0x00007ffbb9ef0000 - 0x00007ffbb9f7e000 	C:\Program Files\Java\jdk-19\bin\msvcp140.dll
0x00007ffb66620000 - 0x00007ffb672e0000 	C:\Program Files\Java\jdk-19\bin\server\jvm.dll
0x00007ffbe45d0000 - 0x00007ffbe45da000 	C:\WINDOWS\SYSTEM32\WSOCK32.dll
0x00007ffc090f0000 - 0x00007ffc09126000 	C:\WINDOWS\SYSTEM32\WINMM.dll
0x00007ffc12960000 - 0x00007ffc129d4000 	C:\WINDOWS\System32\WS2_32.dll
0x00007ffc0eff0000 - 0x00007ffc0f00a000 	C:\WINDOWS\SYSTEM32\kernel.appcore.dll
0x00007ffbe3a10000 - 0x00007ffbe3a1a000 	C:\Program Files\Java\jdk-19\bin\jimage.dll
0x00007ffc0db10000 - 0x00007ffc0dd51000 	C:\WINDOWS\SYSTEM32\DBGHELP.DLL
0x00007ffc10c30000 - 0x00007ffc10fa5000 	C:\WINDOWS\System32\combase.dll
0x00007ffc12560000 - 0x00007ffc12636000 	C:\WINDOWS\System32\OLEAUT32.dll
0x00007ffbf0b40000 - 0x00007ffbf0b79000 	C:\WINDOWS\SYSTEM32\dbgcore.DLL
0x00007ffc102e0000 - 0x00007ffc10379000 	C:\WINDOWS\System32\bcryptPrimitives.dll
0x00007ffb72f40000 - 0x00007ffb72f66000 	C:\Program Files\Java\jdk-19\bin\java.dll
0x00007ffb72540000 - 0x00007ffb72617000 	C:\Program Files\Java\jdk-19\bin\jsvml.dll
0x00007ffc111f0000 - 0x00007ffc118d6000 	C:\WINDOWS\System32\SHELL32.dll
0x00007ffc0ddd0000 - 0x00007ffc0e5fb000 	C:\WINDOWS\SYSTEM32\windows.storage.dll
0x00007ffc118e0000 - 0x00007ffc119b3000 	C:\WINDOWS\System32\SHCORE.dll
0x00007ffc126f0000 - 0x00007ffc1274d000 	C:\WINDOWS\System32\shlwapi.dll
0x00007ffc0ff20000 - 0x00007ffc0ff44000 	C:\WINDOWS\SYSTEM32\profapi.dll
0x00007ffb72da0000 - 0x00007ffb72db3000 	C:\Program Files\Java\jdk-19\bin\net.dll
0x00007ffc067d0000 - 0x00007ffc068ed000 	C:\WINDOWS\SYSTEM32\WINHTTP.dll
0x00007ffc0f4b0000 - 0x00007ffc0f518000 	C:\WINDOWS\system32\mswsock.dll
0x00007ffb72b80000 - 0x00007ffb72b96000 	C:\Program Files\Java\jdk-19\bin\nio.dll
0x00007ffb72bb0000 - 0x00007ffb72bc8000 	C:\Program Files\Java\jdk-19\bin\zip.dll
0x00007ffbb94a0000 - 0x00007ffbb9631000 	C:\Program Files\Java\jdk-19\bin\awt.dll
0x00007ffc0cea0000 - 0x00007ffc0cf41000 	C:\WINDOWS\SYSTEM32\apphelp.dll
0x00007ffc0d320000 - 0x00007ffc0d34b000 	C:\WINDOWS\system32\DWMAPI.DLL
0x00007ffc0cff0000 - 0x00007ffc0d098000 	C:\WINDOWS\system32\uxtheme.dll
0x00007ffb8aae0000 - 0x00007ffb8abec000 	C:\WINDOWS\system32\opengl32.dll
0x00007ffb8a5c0000 - 0x00007ffb8a5ed000 	C:\WINDOWS\SYSTEM32\GLU32.dll
0x00007ffc0d3d0000 - 0x00007ffc0d411000 	C:\WINDOWS\SYSTEM32\dxcore.dll
0x00007ffc10a70000 - 0x00007ffc10ba7000 	C:\WINDOWS\System32\MSCTF.dll
0x00007ffc119c0000 - 0x00007ffc11b55000 	C:\WINDOWS\System32\ole32.dll
0x00007ffb934e0000 - 0x00007ffb93685000 	C:\WINDOWS\system32\d3d9.dll
0x00007ffc09140000 - 0x00007ffc092fb000 	C:\Windows\System32\DriverStore\FileRepository\u0387389.inf_amd64_995be970e30b8c79\B385477\aticfx64.dll
0x00007ffc04960000 - 0x00007ffc04994000 	C:\Windows\System32\DriverStore\FileRepository\u0387389.inf_amd64_995be970e30b8c79\B385477\atiu9p64.dll
0x00007ffb658c0000 - 0x00007ffb66615000 	C:\Windows\System32\DriverStore\FileRepository\u0387389.inf_amd64_995be970e30b8c79\B385477\atiumd64.dll
0x0000000067da0000 - 0x0000000068cc7000 	C:\WINDOWS\System32\DriverStore\FileRepository\u0387389.inf_amd64_995be970e30b8c79\B385477\atiumd6a.dll
0x00007ffc12020000 - 0x00007ffc1249c000 	C:\WINDOWS\System32\SETUPAPI.dll
0x00007ffc0ed30000 - 0x00007ffc0ed7e000 	C:\WINDOWS\SYSTEM32\POWRPROF.dll
0x00007ffc0ed10000 - 0x00007ffc0ed24000 	C:\WINDOWS\SYSTEM32\UMPDC.dll
0x00007ffc06ac0000 - 0x00007ffc06af5000 	C:\WINDOWS\SYSTEM32\amdihk64.dll
0x00007ffc0d180000 - 0x00007ffc0d1d4000 	C:\WINDOWS\SYSTEM32\directxdatabasehelper.dll
0x00007ffbb9e60000 - 0x00007ffbb9ee6000 	C:\Program Files\Java\jdk-19\bin\freetype.dll
0x00007ffbb93d0000 - 0x00007ffbb9496000 	C:\Program Files\Java\jdk-19\bin\fontmanager.dll
0x00007ffc11080000 - 0x00007ffc11128000 	C:\WINDOWS\System32\clbcatq.dll
0x00007ffc0b860000 - 0x00007ffc0ba7e000 	C:\WINDOWS\SYSTEM32\WindowsCodecs.dll
0x00007ffbdd350000 - 0x00007ffbdd3aa000 	C:\WINDOWS\system32\dataexchange.dll
0x00007ffc05430000 - 0x00007ffc0565f000 	C:\WINDOWS\system32\twinapi.appcore.dll
0x00007ffbfeb90000 - 0x00007ffbfecdc000 	C:\WINDOWS\SYSTEM32\textinputframework.dll
0x00007ffc0cbf0000 - 0x00007ffc0cd15000 	C:\WINDOWS\SYSTEM32\CoreMessaging.dll
0x00007ffc096d0000 - 0x00007ffc099b2000 	C:\WINDOWS\SYSTEM32\CoreUIComponents.dll
0x00007ffc099c0000 - 0x00007ffc09b27000 	C:\WINDOWS\SYSTEM32\wintypes.dll
0x00007ffc0f750000 - 0x00007ffc0f75c000 	C:\WINDOWS\SYSTEM32\CRYPTBASE.DLL
0x00007ffc0e940000 - 0x00007ffc0ea5b000 	C:\WINDOWS\SYSTEM32\DNSAPI.dll
0x00007ffc0e900000 - 0x00007ffc0e930000 	C:\WINDOWS\SYSTEM32\IPHLPAPI.DLL
0x00007ffc11c80000 - 0x00007ffc11c8a000 	C:\WINDOWS\System32\NSI.dll
0x00007ffc06a80000 - 0x00007ffc06a8b000 	C:\Windows\System32\rasadhlp.dll
0x00007ffc08f70000 - 0x00007ffc08ff5000 	C:\WINDOWS\System32\fwpuclnt.dll
0x00007ffbf5b00000 - 0x00007ffbf5b08000 	C:\Program Files\Java\jdk-19\bin\extnet.dll
0x00007ffc0f730000 - 0x00007ffc0f74c000 	C:\WINDOWS\SYSTEM32\CRYPTSP.dll
0x00007ffc0ef50000 - 0x00007ffc0ef88000 	C:\WINDOWS\system32\rsaenh.dll
0x00007ffc0f550000 - 0x00007ffc0f57b000 	C:\WINDOWS\SYSTEM32\USERENV.dll
0x00007ffc0f970000 - 0x00007ffc0f996000 	C:\WINDOWS\SYSTEM32\bcrypt.dll
0x00007ffc06cf0000 - 0x00007ffc06d0c000 	C:\WINDOWS\SYSTEM32\dhcpcsvc6.DLL
0x00007ffc064b0000 - 0x00007ffc064d2000 	C:\WINDOWS\SYSTEM32\dhcpcsvc.DLL
0x00007ffc0b780000 - 0x00007ffc0b78e000 	C:\Program Files\Java\jdk-19\bin\sunmscapi.dll
0x00007ffc10000000 - 0x00007ffc10176000 	C:\WINDOWS\System32\CRYPT32.dll
0x00007ffc0f930000 - 0x00007ffc0f960000 	C:\WINDOWS\SYSTEM32\ncrypt.dll
0x00007ffc0f8e0000 - 0x00007ffc0f91f000 	C:\WINDOWS\SYSTEM32\NTASN1.dll
0x00007ffbffc20000 - 0x00007ffbffc31000 	C:\WINDOWS\SYSTEM32\wtdccm.dll

dbghelp: loaded successfully - version: 4.0.5 - missing functions: none
symbol engine: initialized successfully - sym options: 0x614 - pdb path: .;C:\Program Files\Java\jdk-19\bin;C:\WINDOWS\SYSTEM32;C:\WINDOWS\WinSxS\amd64_microsoft.windows.common-controls_6595b64144ccf1df_6.0.26085.1_none_fa4bc89212a99518;C:\Program Files\Java\jdk-19\bin\server;C:\Windows\System32\DriverStore\FileRepository\u0387389.inf_amd64_995be970e30b8c79\B385477

VM Arguments:
jvm_args: -Dfile.encoding=UTF-8 --module-path=C:\Users\hp\Documents\NetBeansProjects\Tervel Management System\build\classes 
java_command: tervel.management.system.ForgetPassword
java_class_path (initial): D:\java project Trevel Management System;D:\java project Trevel Management System\mysql-connector-java-8.0.28.jar;C:\Users\hp\Documents\NetBeansProjects\Tervel Management System\build\classes
Launcher Type: SUN_STANDARD

[Global flags]
     intx CICompilerCount                          = 4                                         {product} {ergonomic}
     uint ConcGCThreads                            = 3                                         {product} {ergonomic}
     uint G1ConcRefinementThreads                  = 10                                        {product} {ergonomic}
   size_t G1HeapRegionSize                         = 2097152                                   {product} {ergonomic}
    uintx GCDrainStackTargetSize                   = 64                                        {product} {ergonomic}
   size_t InitialHeapSize                          = 257949696                                 {product} {ergonomic}
   size_t MarkStackSize                            = 4194304                                   {product} {ergonomic}
   size_t MaxHeapSize                              = 4120903680                                {product} {ergonomic}
   size_t MaxNewSize                               = 2472542208                                {product} {ergonomic}
   size_t MinHeapDeltaBytes                        = 2097152                                   {product} {ergonomic}
   size_t MinHeapSize                              = 8388608                                   {product} {ergonomic}
    uintx NonNMethodCodeHeapSize                   = 5839372                                {pd product} {ergonomic}
    uintx NonProfiledCodeHeapSize                  = 122909434                              {pd product} {ergonomic}
    uintx ProfiledCodeHeapSize                     = 122909434                              {pd product} {ergonomic}
    uintx ReservedCodeCacheSize                    = 251658240                              {pd product} {ergonomic}
     bool SegmentedCodeCache                       = true                                      {product} {ergonomic}
   size_t SoftMaxHeapSize                          = 4120903680                             {manageable} {ergonomic}
     bool UseCompressedClassPointers               = true                           {product lp64_product} {ergonomic}
     bool UseCompressedOops                        = true                           {product lp64_product} {ergonomic}
     bool UseG1GC                                  = true                                      {product} {ergonomic}
     bool UseLargePagesIndividualAllocation        = false                                  {pd product} {ergonomic}

Logging:
Log output configuration:
 #0: stdout all=warning uptime,level,tags foldmultilines=false
 #1: stderr all=off uptime,level,tags foldmultilines=false

Environment Variables:
JAVA_HOME=C:\Program Files\Java\jdk-21
PATH=C:\Program Files\Common Files\Oracle\Java\javapath;C:\WINDOWS\system32;C:\WINDOWS;C:\WINDOWS\System32\Wbem;C:\WINDOWS\System32\WindowsPowerShell\v1.0\;C:\WINDOWS\System32\OpenSSH\;C:\MinGW\bin;C:\Program Files\nodejs\;C:\Program Files\Git\cmd;C:\Program Files\MySQL\MySQL Shell 8.0\bin\;C:\Users\hp\AppData\Local\Programs\Python\Python312\Scripts\;C:\Users\hp\AppData\Local\Programs\Python\Python312\;C:\Users\hp\AppData\Local\Programs\Python\Launcher\;C:\Users\hp\AppData\Local\Microsoft\WindowsApps;C:\Users\hp\AppData\Local\Programs\Microsoft VS Code\bin;C:\Users\hp\AppData\Roaming\npm;
USERNAME=hp
OS=Windows_NT
PROCESSOR_IDENTIFIER=AMD64 Family 25 Model 80 Stepping 0, AuthenticAMD
TMP=C:\Users\hp\AppData\Local\Temp
TEMP=C:\Users\hp\AppData\Local\Temp



---------------  S Y S T E M  ---------------

OS:
 Windows 11 , 64 bit Build 26085 (10.0.26085.1)
OS uptime: 0 days 14:52 hours
Hyper-V role detected

CPU: total 12 (initial active 12) (12 cores per cpu, 2 threads per core) family 25 model 80 stepping 0 microcode 0xa50000f, cx8, cmov, fxsr, ht, mmx, 3dnowpref, sse, sse2, sse3, ssse3, sse4a, sse4.1, sse4.2, popcnt, lzcnt, tsc, tscinvbit, avx, avx2, aes, erms, clmul, bmi1, bmi2, adx, sha, fma, vzeroupper, clflush, clflushopt, hv, rdtscp, rdpid, fsrm

Memory: 4k page, system-wide physical 15712M (3250M free)
TotalPageFile size 44167M (AvailPageFile size 5M)
current process WorkingSet (physical memory assigned to process): 85M, peak: 150M
current process commit charge ("private bytes"): 409M, peak: 420M

vm_info: Java HotSpot(TM) 64-Bit Server VM (19.0.2+7-44) for windows-amd64 JRE (19.0.2+7-44), built on 2022-11-30T18:02:09Z by "mach5one" with MS VC++ 17.1 (VS2022)

END.
