#
# There is insufficient memory for the Java Runtime Environment to continue.
# Native memory allocation (malloc) failed to allocate 1048576 bytes for AllocateHeap
# Possible reasons:
#   The system is out of physical RAM or swap space
#   The process is running with CompressedOops enabled, and the Java Heap may be blocking the growth of the native heap
# Possible solutions:
#   Reduce memory load on the system
#   Increase physical memory or swap space
#   Check if swap backing store is full
#   Decrease Java heap size (-Xmx/-Xms)
#   Decrease number of Java threads
#   Decrease Java thread stack sizes (-Xss)
#   Set larger code cache with -XX:ReservedCodeCacheSize=
#   JVM is running with Unscaled Compressed Oops mode in which the Java heap is
#     placed in the first 4GB address space. The Java Heap base address is the
#     maximum limit for the native heap growth. Please use -XX:HeapBaseMinAddress
#     to set the Java Heap base and to place the Java Heap above 4GB virtual address.
# This output file may be truncated or incomplete.
#
#  Out of Memory Error (allocation.cpp:44), pid=35712, tid=35504
#
# JRE version:  (17.0.10+7) (build )
# Java VM: OpenJDK 64-Bit Server VM (17.0.10+7, mixed mode, tiered, compressed oops, compressed class ptrs, parallel gc, windows-amd64)
# No core dump will be written. Minidumps are not enabled by default on client versions of Windows
#

---------------  S U M M A R Y ------------

Command Line: --add-modules=ALL-SYSTEM --add-opens=java.base/java.util=ALL-UNNAMED --add-opens=java.base/java.lang=ALL-UNNAMED --add-opens=java.base/sun.nio.fs=ALL-UNNAMED -Declipse.application=org.eclipse.jdt.ls.core.id1 -Dosgi.bundles.defaultStartLevel=4 -Declipse.product=org.eclipse.jdt.ls.core.product -Djava.import.generatesMetadataFilesAtProjectRoot=false -DDetectVMInstallationsJob.disabled=true -Dfile.encoding=utf8 -XX:+UseParallelGC -XX:GCTimeRatio=4 -XX:AdaptiveSizePolicyWeight=90 -Dsun.zip.disableMemoryMapping=true -Xmx1G -Xms100m -Xlog:disable -javaagent:c:\Users\hp\.vscode\extensions\redhat.java-1.29.0-win32-x64\lombok\lombok-1.18.32.jar -XX:+HeapDumpOnOutOfMemoryError -XX:HeapDumpPath=c:\Users\hp\AppData\Roaming\Code\User\workspaceStorage\edcfe10512dfc4d20165833cec2324a7\redhat.java -Daether.dependencyCollector.impl=bf c:\Users\hp\.vscode\extensions\redhat.java-1.29.0-win32-x64\server\plugins\org.eclipse.equinox.launcher_1.6.800.v20240304-1850.jar -configuration c:\Users\hp\AppData\Roaming\Code\User\globalStorage\redhat.java\1.29.0\config_win -data c:\Users\hp\AppData\Roaming\Code\User\workspaceStorage\edcfe10512dfc4d20165833cec2324a7\redhat.java\jdt_ws --stdio

Host: AMD Ryzen 5 5625U with Radeon Graphics         , 12 cores, 15G,  Windows 11 , 64 bit Build 26085 (10.0.26085.1)
Time: Sat Apr  6 02:19:08 2024 India Standard Time elapsed time: 1.108447 seconds (0d 0h 0m 1s)

---------------  T H R E A D  ---------------

Current thread (0x0000021b56a7a8d0):  JavaThread "Unknown thread" [_thread_in_vm, id=35504, stack(0x0000007d67100000,0x0000007d67200000)]

Stack: [0x0000007d67100000,0x0000007d67200000]
Native frames: (J=compiled Java code, j=interpreted, Vv=VM code, C=native code)
V  [jvm.dll+0x67d2c9]
V  [jvm.dll+0x834afa]
V  [jvm.dll+0x8365be]
V  [jvm.dll+0x836c23]
V  [jvm.dll+0x2477ff]
V  [jvm.dll+0xa6c93]
V  [jvm.dll+0x6bae63]
V  [jvm.dll+0x6bb9df]
V  [jvm.dll+0x689a48]
V  [jvm.dll+0x806a7b]
V  [jvm.dll+0x36c774]
V  [jvm.dll+0x7e4e06]
V  [jvm.dll+0x3eff3f]
V  [jvm.dll+0x3f1b71]
C  [jli.dll+0x528f]
C  [ucrtbase.dll+0x43570]
C  [KERNEL32.DLL+0x31fd7]
C  [ntdll.dll+0x6d9c0]


---------------  P R O C E S S  ---------------

Threads class SMR info:
_java_thread_list=0x00007ffbc56bee98, length=0, elements={
}

Java Threads: ( => current thread )

Other Threads:
  0x0000021b56a8de70 GCTaskThread "GC Thread#0" [stack: 0x0000007d67200000,0x0000007d67300000] [id=32248]

=>0x0000021b56a7a8d0 (exited) JavaThread "Unknown thread" [_thread_in_vm, id=35504, stack(0x0000007d67100000,0x0000007d67200000)]

Threads with active compile tasks:

VM state: not at safepoint (normal execution)

VM Mutex/Monitor currently owned by a thread: None

Heap address: 0x00000000c0000000, size: 1024 MB, Compressed Oops mode: 32-bit

CDS archive(s) not mapped
Compressed class space mapped at: 0x0000000100000000-0x0000000140000000, reserved size: 1073741824
Narrow klass base: 0x0000000000000000, Narrow klass shift: 3, Narrow klass range: 0x140000000

GC Precious Log:
 CPUs: 12 total, 12 available
 Memory: 15712M
 Large Page Support: Disabled
 NUMA Support: Disabled
 Compressed Oops: Enabled (32-bit)
 Alignments: Space 512K, Generation 512K, Heap 2M
 Heap Min Capacity: 100M
 Heap Initial Capacity: 100M
 Heap Max Capacity: 1G
 Pre-touch: Disabled
 Parallel Workers: 10

Heap:
 PSYoungGen      total 29696K, used 512K [0x00000000eab00000, 0x00000000ecc00000, 0x0000000100000000)
  eden space 25600K, 2% used [0x00000000eab00000,0x00000000eab80070,0x00000000ec400000)
  from space 4096K, 0% used [0x00000000ec800000,0x00000000ec800000,0x00000000ecc00000)
  to   space 4096K, 0% used [0x00000000ec400000,0x00000000ec400000,0x00000000ec800000)
 ParOldGen       total 68608K, used 0K [0x00000000c0000000, 0x00000000c4300000, 0x00000000eab00000)
  object space 68608K, 0% used [0x00000000c0000000,0x00000000c0000000,0x00000000c4300000)
 Metaspace       used 1149K, committed 1216K, reserved 1114112K
  class space    used 101K, committed 128K, reserved 1048576K

Card table byte_map: [0x0000021b56410000,0x0000021b56620000] _byte_map_base: 0x0000021b55e10000

Marking Bits: (ParMarkBitMap*) 0x00007ffbc572d7d0
 Begin Bits: [0x0000021b68710000, 0x0000021b69710000)
 End Bits:   [0x0000021b69710000, 0x0000021b6a710000)

Polling page: 0x0000021b549e0000

Metaspace:

Usage:
  Non-class:      1.02 MB used.
      Class:    101.05 KB used.
       Both:      1.12 MB used.

Virtual space:
  Non-class space:       64.00 MB reserved,       1.06 MB (  2%) committed,  1 nodes.
      Class space:        1.00 GB reserved,     128.00 KB ( <1%) committed,  1 nodes.
             Both:        1.06 GB reserved,       1.19 MB ( <1%) committed. 

Chunk freelists:
   Non-Class:  12.00 MB
       Class:  15.75 MB
        Both:  27.75 MB

MaxMetaspaceSize: unlimited
CompressedClassSpaceSize: 1.00 GB
Initial GC threshold: 21.00 MB
Current GC threshold: 17179869184.00 GB
CDS: off
MetaspaceReclaimPolicy: balanced
 - commit_granule_bytes: 65536.
 - commit_granule_words: 8192.
 - virtual_space_node_default_size: 8388608.
 - enlarge_chunks_in_place: 1.
 - new_chunks_are_fully_committed: 0.
 - uncommit_free_chunks: 1.
 - use_allocation_guard: 0.
 - handle_deallocations: 1.


Internal statistics:

num_allocs_failed_limit: 0.
num_arena_births: 2.
num_arena_deaths: 0.
num_vsnodes_births: 2.
num_vsnodes_deaths: 0.
num_space_committed: 19.
num_space_uncommitted: 0.
num_chunks_returned_to_freelist: 0.
num_chunks_taken_from_freelist: 3.
num_chunk_merges: 0.
num_chunk_splits: 2.
num_chunks_enlarged: 0.
num_inconsistent_stats: 0.

CodeHeap 'non-profiled nmethods': size=120000Kb used=0Kb max_used=0Kb free=120000Kb
 bounds [0x0000021b611e0000, 0x0000021b61450000, 0x0000021b68710000]
CodeHeap 'profiled nmethods': size=120000Kb used=0Kb max_used=0Kb free=120000Kb
 bounds [0x0000021b59710000, 0x0000021b59980000, 0x0000021b60c40000]
CodeHeap 'non-nmethods': size=5760Kb used=202Kb max_used=353Kb free=5557Kb
 bounds [0x0000021b60c40000, 0x0000021b60eb0000, 0x0000021b611e0000]
 total_blobs=66 nmethods=0 adapters=47
 compilation: enabled
              stopped_count=0, restarted_count=0
 full_count=0

Compilation events (0 events):
No events

GC Heap History (0 events):
No events

Dll operation events (1 events):
Event: 0.022 Loaded shared library c:\Users\hp\.vscode\extensions\redhat.java-1.29.0-win32-x64\jre\17.0.10-win32-x86_64\bin\java.dll

Deoptimization events (0 events):
No events

Classes unloaded (0 events):
No events

Classes redefined (0 events):
No events

Internal exceptions (0 events):
No events

VM Operations (0 events):
No events

Events (20 events):
Event: 0.078 loading class java/lang/Long
Event: 0.078 loading class java/lang/Long done
Event: 0.078 loading class java/util/Iterator
Event: 0.078 loading class java/util/Iterator done
Event: 0.079 loading class java/lang/reflect/RecordComponent
Event: 0.079 loading class java/lang/reflect/RecordComponent done
Event: 0.079 loading class jdk/internal/vm/vector/VectorSupport
Event: 0.079 loading class jdk/internal/vm/vector/VectorSupport done
Event: 0.079 loading class jdk/internal/vm/vector/VectorSupport$VectorPayload
Event: 0.079 loading class jdk/internal/vm/vector/VectorSupport$VectorPayload done
Event: 0.079 loading class jdk/internal/vm/vector/VectorSupport$Vector
Event: 0.079 loading class jdk/internal/vm/vector/VectorSupport$Vector done
Event: 0.080 loading class jdk/internal/vm/vector/VectorSupport$VectorMask
Event: 0.080 loading class jdk/internal/vm/vector/VectorSupport$VectorMask done
Event: 0.080 loading class jdk/internal/vm/vector/VectorSupport$VectorShuffle
Event: 0.080 loading class jdk/internal/vm/vector/VectorSupport$VectorShuffle done
Event: 0.084 loading class java/lang/NullPointerException
Event: 0.084 loading class java/lang/NullPointerException done
Event: 0.084 loading class java/lang/ArithmeticException
Event: 0.084 loading class java/lang/ArithmeticException done


Dynamic libraries:
0x00007ff794a00000 - 0x00007ff794a0e000 	c:\Users\hp\.vscode\extensions\redhat.java-1.29.0-win32-x64\jre\17.0.10-win32-x86_64\bin\java.exe
0x00007ffc12bb0000 - 0x00007ffc12e04000 	C:\WINDOWS\SYSTEM32\ntdll.dll
0x00007ffc10fb0000 - 0x00007ffc11077000 	C:\WINDOWS\System32\KERNEL32.DLL
0x00007ffc10580000 - 0x00007ffc10920000 	C:\WINDOWS\System32\KERNELBASE.dll
0x00007ffc10380000 - 0x00007ffc104ca000 	C:\WINDOWS\System32\ucrtbase.dll
0x00007ffc021f0000 - 0x00007ffc02207000 	c:\Users\hp\.vscode\extensions\redhat.java-1.29.0-win32-x64\jre\17.0.10-win32-x86_64\bin\jli.dll
0x00007ffc04ff0000 - 0x00007ffc0500b000 	c:\Users\hp\.vscode\extensions\redhat.java-1.29.0-win32-x64\jre\17.0.10-win32-x86_64\bin\VCRUNTIME140.dll
0x00007ffc11e30000 - 0x00007ffc11fef000 	C:\WINDOWS\System32\USER32.dll
0x00007ffbf5f60000 - 0x00007ffbf61f0000 	C:\WINDOWS\WinSxS\amd64_microsoft.windows.common-controls_6595b64144ccf1df_6.0.26085.1_none_fa4bc89212a99518\COMCTL32.dll
0x00007ffc102b0000 - 0x00007ffc102d7000 	C:\WINDOWS\System32\win32u.dll
0x00007ffc12640000 - 0x00007ffc126e9000 	C:\WINDOWS\System32\msvcrt.dll
0x00007ffc111c0000 - 0x00007ffc111ea000 	C:\WINDOWS\System32\GDI32.dll
0x00007ffc10180000 - 0x00007ffc102a1000 	C:\WINDOWS\System32\gdi32full.dll
0x00007ffc104d0000 - 0x00007ffc10573000 	C:\WINDOWS\System32\msvcp_win.dll
0x00007ffc12920000 - 0x00007ffc1294f000 	C:\WINDOWS\System32\IMM32.DLL
0x00007ffc06670000 - 0x00007ffc0667c000 	c:\Users\hp\.vscode\extensions\redhat.java-1.29.0-win32-x64\jre\17.0.10-win32-x86_64\bin\vcruntime140_1.dll
0x00007ffbcb080000 - 0x00007ffbcb10d000 	c:\Users\hp\.vscode\extensions\redhat.java-1.29.0-win32-x64\jre\17.0.10-win32-x86_64\bin\msvcp140.dll
0x00007ffbc4b90000 - 0x00007ffbc57f2000 	c:\Users\hp\.vscode\extensions\redhat.java-1.29.0-win32-x64\jre\17.0.10-win32-x86_64\bin\server\jvm.dll
0x00007ffc124a0000 - 0x00007ffc12552000 	C:\WINDOWS\System32\ADVAPI32.dll
0x00007ffc12a40000 - 0x00007ffc12ae6000 	C:\WINDOWS\System32\sechost.dll
0x00007ffc11c90000 - 0x00007ffc11da9000 	C:\WINDOWS\System32\RPCRT4.dll
0x00007ffc0ed30000 - 0x00007ffc0ed7e000 	C:\WINDOWS\SYSTEM32\POWRPROF.dll
0x00007ffbe45d0000 - 0x00007ffbe45da000 	C:\WINDOWS\SYSTEM32\WSOCK32.dll
0x00007ffc090f0000 - 0x00007ffc09126000 	C:\WINDOWS\SYSTEM32\WINMM.dll
0x00007ffc12960000 - 0x00007ffc129d4000 	C:\WINDOWS\System32\WS2_32.dll
0x00007ffc09130000 - 0x00007ffc0913b000 	C:\WINDOWS\SYSTEM32\VERSION.dll
0x00007ffc0ed10000 - 0x00007ffc0ed24000 	C:\WINDOWS\SYSTEM32\UMPDC.dll
0x00007ffc0eff0000 - 0x00007ffc0f00a000 	C:\WINDOWS\SYSTEM32\kernel.appcore.dll
0x00007ffc04cb0000 - 0x00007ffc04cba000 	c:\Users\hp\.vscode\extensions\redhat.java-1.29.0-win32-x64\jre\17.0.10-win32-x86_64\bin\jimage.dll
0x00007ffc0db10000 - 0x00007ffc0dd51000 	C:\WINDOWS\SYSTEM32\DBGHELP.DLL
0x00007ffc10c30000 - 0x00007ffc10fa5000 	C:\WINDOWS\System32\combase.dll
0x00007ffc12560000 - 0x00007ffc12636000 	C:\WINDOWS\System32\OLEAUT32.dll
0x00007ffbf0b40000 - 0x00007ffbf0b79000 	C:\WINDOWS\SYSTEM32\dbgcore.DLL
0x00007ffc102e0000 - 0x00007ffc10379000 	C:\WINDOWS\System32\bcryptPrimitives.dll
0x00007ffc01fa0000 - 0x00007ffc01fae000 	c:\Users\hp\.vscode\extensions\redhat.java-1.29.0-win32-x64\jre\17.0.10-win32-x86_64\bin\instrument.dll
0x00007ffbe3e50000 - 0x00007ffbe3e75000 	c:\Users\hp\.vscode\extensions\redhat.java-1.29.0-win32-x64\jre\17.0.10-win32-x86_64\bin\java.dll
0x00007ffc00420000 - 0x00007ffc00438000 	c:\Users\hp\.vscode\extensions\redhat.java-1.29.0-win32-x64\jre\17.0.10-win32-x86_64\bin\zip.dll

dbghelp: loaded successfully - version: 4.0.5 - missing functions: none
symbol engine: initialized successfully - sym options: 0x614 - pdb path: .;c:\Users\hp\.vscode\extensions\redhat.java-1.29.0-win32-x64\jre\17.0.10-win32-x86_64\bin;C:\WINDOWS\SYSTEM32;C:\WINDOWS\WinSxS\amd64_microsoft.windows.common-controls_6595b64144ccf1df_6.0.26085.1_none_fa4bc89212a99518;c:\Users\hp\.vscode\extensions\redhat.java-1.29.0-win32-x64\jre\17.0.10-win32-x86_64\bin\server

VM Arguments:
jvm_args: --add-modules=ALL-SYSTEM --add-opens=java.base/java.util=ALL-UNNAMED --add-opens=java.base/java.lang=ALL-UNNAMED --add-opens=java.base/sun.nio.fs=ALL-UNNAMED -Declipse.application=org.eclipse.jdt.ls.core.id1 -Dosgi.bundles.defaultStartLevel=4 -Declipse.product=org.eclipse.jdt.ls.core.product -Djava.import.generatesMetadataFilesAtProjectRoot=false -DDetectVMInstallationsJob.disabled=true -Dfile.encoding=utf8 -XX:+UseParallelGC -XX:GCTimeRatio=4 -XX:AdaptiveSizePolicyWeight=90 -Dsun.zip.disableMemoryMapping=true -Xmx1G -Xms100m -Xlog:disable -javaagent:c:\Users\hp\.vscode\extensions\redhat.java-1.29.0-win32-x64\lombok\lombok-1.18.32.jar -XX:+HeapDumpOnOutOfMemoryError -XX:HeapDumpPath=c:\Users\hp\AppData\Roaming\Code\User\workspaceStorage\edcfe10512dfc4d20165833cec2324a7\redhat.java -Daether.dependencyCollector.impl=bf 
java_command: c:\Users\hp\.vscode\extensions\redhat.java-1.29.0-win32-x64\server\plugins\org.eclipse.equinox.launcher_1.6.800.v20240304-1850.jar -configuration c:\Users\hp\AppData\Roaming\Code\User\globalStorage\redhat.java\1.29.0\config_win -data c:\Users\hp\AppData\Roaming\Code\User\workspaceStorage\edcfe10512dfc4d20165833cec2324a7\redhat.java\jdt_ws --stdio
java_class_path (initial): c:\Users\hp\.vscode\extensions\redhat.java-1.29.0-win32-x64\server\plugins\org.eclipse.equinox.launcher_1.6.800.v20240304-1850.jar
Launcher Type: SUN_STANDARD

[Global flags]
    uintx AdaptiveSizePolicyWeight                 = 90                                        {product} {command line}
     intx CICompilerCount                          = 4                                         {product} {ergonomic}
    uintx GCTimeRatio                              = 4                                         {product} {command line}
     bool HeapDumpOnOutOfMemoryError               = true                                   {manageable} {command line}
    ccstr HeapDumpPath                             = c:\Users\hp\AppData\Roaming\Code\User\workspaceStorage\edcfe10512dfc4d20165833cec2324a7\redhat.java         {manageable} {command line}
   size_t InitialHeapSize                          = 104857600                                 {product} {command line}
   size_t MaxHeapSize                              = 1073741824                                {product} {command line}
   size_t MaxNewSize                               = 357564416                                 {product} {ergonomic}
   size_t MinHeapDeltaBytes                        = 524288                                    {product} {ergonomic}
   size_t MinHeapSize                              = 104857600                                 {product} {command line}
   size_t NewSize                                  = 34603008                                  {product} {ergonomic}
    uintx NonNMethodCodeHeapSize                   = 5839372                                {pd product} {ergonomic}
    uintx NonProfiledCodeHeapSize                  = 122909434                              {pd product} {ergonomic}
   size_t OldSize                                  = 70254592                                  {product} {ergonomic}
    uintx ProfiledCodeHeapSize                     = 122909434                              {pd product} {ergonomic}
    uintx ReservedCodeCacheSize                    = 251658240                              {pd product} {ergonomic}
     bool SegmentedCodeCache                       = true                                      {product} {ergonomic}
   size_t SoftMaxHeapSize                          = 1073741824                             {manageable} {ergonomic}
     bool UseCompressedClassPointers               = true                           {product lp64_product} {ergonomic}
     bool UseCompressedOops                        = true                           {product lp64_product} {ergonomic}
     bool UseLargePagesIndividualAllocation        = false                                  {pd product} {ergonomic}
     bool UseParallelGC                            = true                                      {product} {command line}

Logging:
Log output configuration:
 #0: stdout all=off uptime,level,tags
 #1: stderr all=off uptime,level,tags

Environment Variables:
JAVA_HOME=C:\Program Files\Java\jdk-21
PATH=C:\Program Files\Common Files\Oracle\Java\javapath;C:\WINDOWS\system32;C:\WINDOWS;C:\WINDOWS\System32\Wbem;C:\WINDOWS\System32\WindowsPowerShell\v1.0\;C:\WINDOWS\System32\OpenSSH\;C:\MinGW\bin;C:\Program Files\nodejs\;C:\Program Files\Git\cmd;C:\Program Files\MySQL\MySQL Shell 8.0\bin\;C:\Users\hp\AppData\Local\Programs\Python\Python312\Scripts\;C:\Users\hp\AppData\Local\Programs\Python\Python312\;C:\Users\hp\AppData\Local\Programs\Python\Launcher\;C:\Users\hp\AppData\Local\Microsoft\WindowsApps;C:\Users\hp\AppData\Local\Programs\Microsoft VS Code\bin;C:\Users\hp\AppData\Roaming\npm;
USERNAME=hp
OS=Windows_NT
PROCESSOR_IDENTIFIER=AMD64 Family 25 Model 80 Stepping 0, AuthenticAMD
TMP=C:\Users\hp\AppData\Local\Temp
TEMP=C:\Users\hp\AppData\Local\Temp



Periodic native trim disabled


---------------  S Y S T E M  ---------------

OS:
 Windows 11 , 64 bit Build 26085 (10.0.26085.1)
OS uptime: 0 days 15:32 hours
Hyper-V role detected

CPU: total 12 (initial active 12) (12 cores per cpu, 2 threads per core) family 25 model 80 stepping 0 microcode 0xa50000f, cx8, cmov, fxsr, ht, mmx, 3dnowpref, sse, sse2, sse3, ssse3, sse4a, sse4.1, sse4.2, popcnt, lzcnt, tsc, tscinvbit, avx, avx2, aes, erms, clmul, bmi1, bmi2, adx, sha, fma, vzeroupper, clflush, clflushopt, hv
Processor Information for all 12 processors :
  Max Mhz: 2301, Current Mhz: 2010, Mhz Limit: 2301

Memory: 4k page, system-wide physical 15712M (4924M free)
TotalPageFile size 44167M (AvailPageFile size 10M)
current process WorkingSet (physical memory assigned to process): 18M, peak: 18M
current process commit charge ("private bytes"): 175M, peak: 176M

vm_info: OpenJDK 64-Bit Server VM (17.0.10+7) for windows-amd64 JRE (17.0.10+7), built on Jan 16 2024 23:25:11 by "admin" with MS VC++ 16.10 / 16.11 (VS2019)

END.
